INFO - 2023-12-20 10:32:02 --> Session: Class initialized using 'CodeIgniter\Session\Handlers\FileHandler' driver.
INFO - 2023-12-20 10:32:06 --> Session: Class initialized using 'CodeIgniter\Session\Handlers\FileHandler' driver.
INFO - 2023-12-20 11:40:28 --> Session: Class initialized using 'CodeIgniter\Session\Handlers\FileHandler' driver.
INFO - 2023-12-20 11:40:48 --> Session: Class initialized using 'CodeIgniter\Session\Handlers\FileHandler' driver.
INFO - 2023-12-20 11:42:13 --> Session: Class initialized using 'CodeIgniter\Session\Handlers\FileHandler' driver.
INFO - 2023-12-20 11:43:50 --> Session: Class initialized using 'CodeIgniter\Session\Handlers\FileHandler' driver.
INFO - 2023-12-20 11:43:51 --> Session: Class initialized using 'CodeIgniter\Session\Handlers\FileHandler' driver.
INFO - 2023-12-20 11:43:56 --> Session: Class initialized using 'CodeIgniter\Session\Handlers\FileHandler' driver.
CRITICAL - 2023-12-20 11:46:09 --> Call to a member function save() on null
in APPPATH\Controllers\C_BASE.php on line 76.
 1 SYSTEMPATH\CodeIgniter.php(919): App\Controllers\C_BASE->Inscription_Utilisateur()
 2 SYSTEMPATH\CodeIgniter.php(494): CodeIgniter\CodeIgniter->runController(Object(App\Controllers\C_BASE))
 3 SYSTEMPATH\CodeIgniter.php(353): CodeIgniter\CodeIgniter->handleRequest(null, Object(Config\Cache), false)
 4 FCPATH\index.php(79): CodeIgniter\CodeIgniter->run()
CRITICAL - 2023-12-20 11:48:48 --> Call to undefined method App\Controllers\C_BASE::getVar()
in APPPATH\Controllers\C_BASE.php on line 74.
 1 SYSTEMPATH\CodeIgniter.php(919): App\Controllers\C_BASE->Inscription_Utilisateur()
 2 SYSTEMPATH\CodeIgniter.php(494): CodeIgniter\CodeIgniter->runController(Object(App\Controllers\C_BASE))
 3 SYSTEMPATH\CodeIgniter.php(353): CodeIgniter\CodeIgniter->handleRequest(null, Object(Config\Cache), false)
 4 FCPATH\index.php(79): CodeIgniter\CodeIgniter->run()
CRITICAL - 2023-12-20 11:48:50 --> Call to undefined method App\Controllers\C_BASE::getVar()
in APPPATH\Controllers\C_BASE.php on line 74.
 1 SYSTEMPATH\CodeIgniter.php(919): App\Controllers\C_BASE->Inscription_Utilisateur()
 2 SYSTEMPATH\CodeIgniter.php(494): CodeIgniter\CodeIgniter->runController(Object(App\Controllers\C_BASE))
 3 SYSTEMPATH\CodeIgniter.php(353): CodeIgniter\CodeIgniter->handleRequest(null, Object(Config\Cache), false)
 4 FCPATH\index.php(79): CodeIgniter\CodeIgniter->run()
CRITICAL - 2023-12-20 11:49:16 --> Call to undefined method App\Controllers\C_BASE::getVar()
in APPPATH\Controllers\C_BASE.php on line 74.
 1 SYSTEMPATH\CodeIgniter.php(919): App\Controllers\C_BASE->Inscription_Utilisateur()
 2 SYSTEMPATH\CodeIgniter.php(494): CodeIgniter\CodeIgniter->runController(Object(App\Controllers\C_BASE))
 3 SYSTEMPATH\CodeIgniter.php(353): CodeIgniter\CodeIgniter->handleRequest(null, Object(Config\Cache), false)
 4 FCPATH\index.php(79): CodeIgniter\CodeIgniter->run()
CRITICAL - 2023-12-20 11:50:04 --> Call to a member function save() on null
in APPPATH\Controllers\C_BASE.php on line 77.
 1 SYSTEMPATH\CodeIgniter.php(919): App\Controllers\C_BASE->Inscription_Utilisateur()
 2 SYSTEMPATH\CodeIgniter.php(494): CodeIgniter\CodeIgniter->runController(Object(App\Controllers\C_BASE))
 3 SYSTEMPATH\CodeIgniter.php(353): CodeIgniter\CodeIgniter->handleRequest(null, Object(Config\Cache), false)
 4 FCPATH\index.php(79): CodeIgniter\CodeIgniter->run()
CRITICAL - 2023-12-20 11:50:44 --> Call to a member function save() on null
in APPPATH\Controllers\C_BASE.php on line 77.
 1 SYSTEMPATH\CodeIgniter.php(919): App\Controllers\C_BASE->Inscription_Utilisateur()
 2 SYSTEMPATH\CodeIgniter.php(494): CodeIgniter\CodeIgniter->runController(Object(App\Controllers\C_BASE))
 3 SYSTEMPATH\CodeIgniter.php(353): CodeIgniter\CodeIgniter->handleRequest(null, Object(Config\Cache), false)
 4 FCPATH\index.php(79): CodeIgniter\CodeIgniter->run()
INFO - 2023-12-20 14:29:55 --> Session: Class initialized using 'CodeIgniter\Session\Handlers\FileHandler' driver.
CRITICAL - 2023-12-20 14:30:16 --> Call to a member function save() on null
in APPPATH\Controllers\C_BASE.php on line 77.
 1 SYSTEMPATH\CodeIgniter.php(919): App\Controllers\C_BASE->Inscription_Utilisateur()
 2 SYSTEMPATH\CodeIgniter.php(494): CodeIgniter\CodeIgniter->runController(Object(App\Controllers\C_BASE))
 3 SYSTEMPATH\CodeIgniter.php(353): CodeIgniter\CodeIgniter->handleRequest(null, Object(Config\Cache), false)
 4 FCPATH\index.php(79): CodeIgniter\CodeIgniter->run()
CRITICAL - 2023-12-20 14:38:42 --> Call to a member function save() on null
in APPPATH\Controllers\C_BASE.php on line 77.
 1 SYSTEMPATH\CodeIgniter.php(919): App\Controllers\C_BASE->Inscription_Utilisateur()
 2 SYSTEMPATH\CodeIgniter.php(494): CodeIgniter\CodeIgniter->runController(Object(App\Controllers\C_BASE))
 3 SYSTEMPATH\CodeIgniter.php(353): CodeIgniter\CodeIgniter->handleRequest(null, Object(Config\Cache), false)
 4 FCPATH\index.php(79): CodeIgniter\CodeIgniter->run()
INFO - 2023-12-20 14:38:49 --> Session: Class initialized using 'CodeIgniter\Session\Handlers\FileHandler' driver.
CRITICAL - 2023-12-20 14:39:06 --> Call to a member function save() on null
in APPPATH\Controllers\C_BASE.php on line 77.
 1 SYSTEMPATH\CodeIgniter.php(919): App\Controllers\C_BASE->Inscription_Utilisateur()
 2 SYSTEMPATH\CodeIgniter.php(494): CodeIgniter\CodeIgniter->runController(Object(App\Controllers\C_BASE))
 3 SYSTEMPATH\CodeIgniter.php(353): CodeIgniter\CodeIgniter->handleRequest(null, Object(Config\Cache), false)
 4 FCPATH\index.php(79): CodeIgniter\CodeIgniter->run()
INFO - 2023-12-20 14:39:11 --> Session: Class initialized using 'CodeIgniter\Session\Handlers\FileHandler' driver.
CRITICAL - 2023-12-20 14:39:32 --> Call to a member function save() on null
in APPPATH\Controllers\C_BASE.php on line 77.
 1 SYSTEMPATH\CodeIgniter.php(919): App\Controllers\C_BASE->Inscription_Utilisateur()
 2 SYSTEMPATH\CodeIgniter.php(494): CodeIgniter\CodeIgniter->runController(Object(App\Controllers\C_BASE))
 3 SYSTEMPATH\CodeIgniter.php(353): CodeIgniter\CodeIgniter->handleRequest(null, Object(Config\Cache), false)
 4 FCPATH\index.php(79): CodeIgniter\CodeIgniter->run()
INFO - 2023-12-20 16:50:52 --> Session: Class initialized using 'CodeIgniter\Session\Handlers\FileHandler' driver.
CRITICAL - 2023-12-20 16:51:13 --> Call to a member function save() on null
in APPPATH\Controllers\C_BASE.php on line 77.
 1 SYSTEMPATH\CodeIgniter.php(919): App\Controllers\C_BASE->Inscription_Utilisateur()
 2 SYSTEMPATH\CodeIgniter.php(494): CodeIgniter\CodeIgniter->runController(Object(App\Controllers\C_BASE))
 3 SYSTEMPATH\CodeIgniter.php(353): CodeIgniter\CodeIgniter->handleRequest(null, Object(Config\Cache), false)
 4 FCPATH\index.php(79): CodeIgniter\CodeIgniter->run()
CRITICAL - 2023-12-20 16:57:29 --> Call to a member function save() on null
in APPPATH\Controllers\C_BASE.php on line 77.
 1 SYSTEMPATH\CodeIgniter.php(919): App\Controllers\C_BASE->Inscription_Utilisateur()
 2 SYSTEMPATH\CodeIgniter.php(494): CodeIgniter\CodeIgniter->runController(Object(App\Controllers\C_BASE))
 3 SYSTEMPATH\CodeIgniter.php(353): CodeIgniter\CodeIgniter->handleRequest(null, Object(Config\Cache), false)
 4 FCPATH\index.php(79): CodeIgniter\CodeIgniter->run()
INFO - 2023-12-20 16:57:31 --> Session: Class initialized using 'CodeIgniter\Session\Handlers\FileHandler' driver.
INFO - 2023-12-20 17:06:44 --> Session: Class initialized using 'CodeIgniter\Session\Handlers\FileHandler' driver.
INFO - 2023-12-20 17:08:09 --> Session: Class initialized using 'CodeIgniter\Session\Handlers\FileHandler' driver.
INFO - 2023-12-20 17:09:56 --> Session: Class initialized using 'CodeIgniter\Session\Handlers\FileHandler' driver.
ERROR - 2023-12-20 17:10:12 --> Error connecting to the database: CodeIgniter\Database\Exceptions\DatabaseException: [Microsoft][ODBC Driver 17 for SQL Server]Fournisseur TCP : Aucune connexion n’a pu être établie car l’ordinateur cible l’a expressément refusée.
 SQLSTATE: 08001, code: 10061
[Microsoft][ODBC Driver 17 for SQL Server]Délai d'attente de connexion expiré SQLSTATE: HYT00, code: 0
[Microsoft][ODBC Driver 17 for SQL Server]Une erreur liée au réseau ou spécifique à l'instance s'est produite lors de l'établissement d'une connexion à SQL Server. Le serveur est introuvable ou n'est pas accessible. Vérifiez si le nom de l'instance est correct et si SQL Server est configuré pour autoriser les connexions distantes. Pour plus d'informations, consultez la documentation en ligne de SQL Server. SQLSTATE: 08001, code: 10061 in C:\laragon\www\ci-atelier3\system\Database\SQLSRV\Connection.php:142
Stack trace:
#0 C:\laragon\www\ci-atelier3\system\Database\BaseConnection.php(391): CodeIgniter\Database\SQLSRV\Connection->connect(false)
#1 C:\laragon\www\ci-atelier3\system\Database\BaseConnection.php(574): CodeIgniter\Database\BaseConnection->initialize()
#2 C:\laragon\www\ci-atelier3\system\Database\BaseBuilder.php(2308): CodeIgniter\Database\BaseConnection->query('INSERT INTO "AP...', Array, false)
#3 C:\laragon\www\ci-atelier3\system\Model.php(319): CodeIgniter\Database\BaseBuilder->insert()
#4 C:\laragon\www\ci-atelier3\system\BaseModel.php(788): CodeIgniter\Model->doInsert(Array)
#5 C:\laragon\www\ci-atelier3\system\Model.php(715): CodeIgniter\BaseModel->insert(Array, false)
#6 C:\laragon\www\ci-atelier3\system\BaseModel.php(698): CodeIgniter\Model->insert(Array, false)
#7 C:\laragon\www\ci-atelier3\app\Controllers\C_BASE.php(78): CodeIgniter\BaseModel->save(Array)
#8 C:\laragon\www\ci-atelier3\system\CodeIgniter.php(919): App\Controllers\C_BASE->Inscription_Utilisateur()
#9 C:\laragon\www\ci-atelier3\system\CodeIgniter.php(494): CodeIgniter\CodeIgniter->runController(Object(App\Controllers\C_BASE))
#10 C:\laragon\www\ci-atelier3\system\CodeIgniter.php(353): CodeIgniter\CodeIgniter->handleRequest(NULL, Object(Config\Cache), false)
#11 C:\laragon\www\ci-atelier3\public\index.php(79): CodeIgniter\CodeIgniter->run()
#12 {main}
CRITICAL - 2023-12-20 17:10:12 --> Unable to connect to the database.
Main connection [SQLSRV]: [Microsoft][ODBC Driver 17 for SQL Server]Fournisseur TCP : Aucune connexion n’a pu être établie car l’ordinateur cible l’a expressément refusée.
 SQLSTATE: 08001, code: 10061
[Microsoft][ODBC Driver 17 for SQL Server]Délai d'attente de connexion expiré SQLSTATE: HYT00, code: 0
[Microsoft][ODBC Driver 17 for SQL Server]Une erreur liée au réseau ou spécifique à l'instance s'est produite lors de l'établissement d'une connexion à SQL Server. Le serveur est introuvable ou n'est pas accessible. Vérifiez si le nom de l'instance est correct et si SQL Server est configuré pour autoriser les connexions distantes. Pour plus d'informations, consultez la documentation en ligne de SQL Server. SQLSTATE: 08001, code: 10061
in SYSTEMPATH\Database\BaseConnection.php on line 427.
 1 SYSTEMPATH\Database\BaseConnection.php(574): CodeIgniter\Database\BaseConnection->initialize()
 2 SYSTEMPATH\Database\BaseBuilder.php(2308): CodeIgniter\Database\BaseConnection->query('INSERT INTO "AP3"."dbo"."Utilisateurs" ("typeClient") VALUES (:typeClient:)', [...], false)
 3 SYSTEMPATH\Model.php(319): CodeIgniter\Database\BaseBuilder->insert()
 4 SYSTEMPATH\BaseModel.php(788): CodeIgniter\Model->doInsert([...])
 5 SYSTEMPATH\Model.php(715): CodeIgniter\BaseModel->insert([...], false)
 6 SYSTEMPATH\BaseModel.php(698): CodeIgniter\Model->insert([...], false)
 7 APPPATH\Controllers\C_BASE.php(78): CodeIgniter\BaseModel->save([...])
 8 SYSTEMPATH\CodeIgniter.php(919): App\Controllers\C_BASE->Inscription_Utilisateur()
 9 SYSTEMPATH\CodeIgniter.php(494): CodeIgniter\CodeIgniter->runController(Object(App\Controllers\C_BASE))
10 SYSTEMPATH\CodeIgniter.php(353): CodeIgniter\CodeIgniter->handleRequest(null, Object(Config\Cache), false)
11 FCPATH\index.php(79): CodeIgniter\CodeIgniter->run()
ERROR - 2023-12-20 17:10:23 --> Error connecting to the database: CodeIgniter\Database\Exceptions\DatabaseException: [Microsoft][ODBC Driver 17 for SQL Server]Fournisseur TCP : Aucune connexion n’a pu être établie car l’ordinateur cible l’a expressément refusée.
 SQLSTATE: 08001, code: 10061
[Microsoft][ODBC Driver 17 for SQL Server]Délai d'attente de connexion expiré SQLSTATE: HYT00, code: 0
[Microsoft][ODBC Driver 17 for SQL Server]Une erreur liée au réseau ou spécifique à l'instance s'est produite lors de l'établissement d'une connexion à SQL Server. Le serveur est introuvable ou n'est pas accessible. Vérifiez si le nom de l'instance est correct et si SQL Server est configuré pour autoriser les connexions distantes. Pour plus d'informations, consultez la documentation en ligne de SQL Server. SQLSTATE: 08001, code: 10061 in C:\laragon\www\ci-atelier3\system\Database\SQLSRV\Connection.php:142
Stack trace:
#0 C:\laragon\www\ci-atelier3\system\Database\BaseConnection.php(391): CodeIgniter\Database\SQLSRV\Connection->connect(false)
#1 C:\laragon\www\ci-atelier3\system\Database\BaseConnection.php(574): CodeIgniter\Database\BaseConnection->initialize()
#2 C:\laragon\www\ci-atelier3\system\Database\BaseBuilder.php(2308): CodeIgniter\Database\BaseConnection->query('INSERT INTO "AP...', Array, false)
#3 C:\laragon\www\ci-atelier3\system\Model.php(319): CodeIgniter\Database\BaseBuilder->insert()
#4 C:\laragon\www\ci-atelier3\system\BaseModel.php(788): CodeIgniter\Model->doInsert(Array)
#5 C:\laragon\www\ci-atelier3\system\Model.php(715): CodeIgniter\BaseModel->insert(Array, false)
#6 C:\laragon\www\ci-atelier3\system\BaseModel.php(698): CodeIgniter\Model->insert(Array, false)
#7 C:\laragon\www\ci-atelier3\app\Controllers\C_BASE.php(78): CodeIgniter\BaseModel->save(Array)
#8 C:\laragon\www\ci-atelier3\system\CodeIgniter.php(919): App\Controllers\C_BASE->Inscription_Utilisateur()
#9 C:\laragon\www\ci-atelier3\system\CodeIgniter.php(494): CodeIgniter\CodeIgniter->runController(Object(App\Controllers\C_BASE))
#10 C:\laragon\www\ci-atelier3\system\CodeIgniter.php(353): CodeIgniter\CodeIgniter->handleRequest(NULL, Object(Config\Cache), false)
#11 C:\laragon\www\ci-atelier3\public\index.php(79): CodeIgniter\CodeIgniter->run()
#12 {main}
CRITICAL - 2023-12-20 17:10:23 --> Unable to connect to the database.
Main connection [SQLSRV]: [Microsoft][ODBC Driver 17 for SQL Server]Fournisseur TCP : Aucune connexion n’a pu être établie car l’ordinateur cible l’a expressément refusée.
 SQLSTATE: 08001, code: 10061
[Microsoft][ODBC Driver 17 for SQL Server]Délai d'attente de connexion expiré SQLSTATE: HYT00, code: 0
[Microsoft][ODBC Driver 17 for SQL Server]Une erreur liée au réseau ou spécifique à l'instance s'est produite lors de l'établissement d'une connexion à SQL Server. Le serveur est introuvable ou n'est pas accessible. Vérifiez si le nom de l'instance est correct et si SQL Server est configuré pour autoriser les connexions distantes. Pour plus d'informations, consultez la documentation en ligne de SQL Server. SQLSTATE: 08001, code: 10061
in SYSTEMPATH\Database\BaseConnection.php on line 427.
 1 SYSTEMPATH\Database\BaseConnection.php(574): CodeIgniter\Database\BaseConnection->initialize()
 2 SYSTEMPATH\Database\BaseBuilder.php(2308): CodeIgniter\Database\BaseConnection->query('INSERT INTO "AP3"."dbo"."Utilisateurs" ("typeClient") VALUES (:typeClient:)', [...], false)
 3 SYSTEMPATH\Model.php(319): CodeIgniter\Database\BaseBuilder->insert()
 4 SYSTEMPATH\BaseModel.php(788): CodeIgniter\Model->doInsert([...])
 5 SYSTEMPATH\Model.php(715): CodeIgniter\BaseModel->insert([...], false)
 6 SYSTEMPATH\BaseModel.php(698): CodeIgniter\Model->insert([...], false)
 7 APPPATH\Controllers\C_BASE.php(78): CodeIgniter\BaseModel->save([...])
 8 SYSTEMPATH\CodeIgniter.php(919): App\Controllers\C_BASE->Inscription_Utilisateur()
 9 SYSTEMPATH\CodeIgniter.php(494): CodeIgniter\CodeIgniter->runController(Object(App\Controllers\C_BASE))
10 SYSTEMPATH\CodeIgniter.php(353): CodeIgniter\CodeIgniter->handleRequest(null, Object(Config\Cache), false)
11 FCPATH\index.php(79): CodeIgniter\CodeIgniter->run()
ERROR - 2023-12-20 17:10:25 --> Error connecting to the database: CodeIgniter\Database\Exceptions\DatabaseException: [Microsoft][ODBC Driver 17 for SQL Server]Fournisseur TCP : Aucune connexion n’a pu être établie car l’ordinateur cible l’a expressément refusée.
 SQLSTATE: 08001, code: 10061
[Microsoft][ODBC Driver 17 for SQL Server]Délai d'attente de connexion expiré SQLSTATE: HYT00, code: 0
[Microsoft][ODBC Driver 17 for SQL Server]Une erreur liée au réseau ou spécifique à l'instance s'est produite lors de l'établissement d'une connexion à SQL Server. Le serveur est introuvable ou n'est pas accessible. Vérifiez si le nom de l'instance est correct et si SQL Server est configuré pour autoriser les connexions distantes. Pour plus d'informations, consultez la documentation en ligne de SQL Server. SQLSTATE: 08001, code: 10061 in C:\laragon\www\ci-atelier3\system\Database\SQLSRV\Connection.php:142
Stack trace:
#0 C:\laragon\www\ci-atelier3\system\Database\BaseConnection.php(391): CodeIgniter\Database\SQLSRV\Connection->connect(false)
#1 C:\laragon\www\ci-atelier3\system\Database\BaseConnection.php(574): CodeIgniter\Database\BaseConnection->initialize()
#2 C:\laragon\www\ci-atelier3\system\Database\BaseBuilder.php(2308): CodeIgniter\Database\BaseConnection->query('INSERT INTO "AP...', Array, false)
#3 C:\laragon\www\ci-atelier3\system\Model.php(319): CodeIgniter\Database\BaseBuilder->insert()
#4 C:\laragon\www\ci-atelier3\system\BaseModel.php(788): CodeIgniter\Model->doInsert(Array)
#5 C:\laragon\www\ci-atelier3\system\Model.php(715): CodeIgniter\BaseModel->insert(Array, false)
#6 C:\laragon\www\ci-atelier3\system\BaseModel.php(698): CodeIgniter\Model->insert(Array, false)
#7 C:\laragon\www\ci-atelier3\app\Controllers\C_BASE.php(78): CodeIgniter\BaseModel->save(Array)
#8 C:\laragon\www\ci-atelier3\system\CodeIgniter.php(919): App\Controllers\C_BASE->Inscription_Utilisateur()
#9 C:\laragon\www\ci-atelier3\system\CodeIgniter.php(494): CodeIgniter\CodeIgniter->runController(Object(App\Controllers\C_BASE))
#10 C:\laragon\www\ci-atelier3\system\CodeIgniter.php(353): CodeIgniter\CodeIgniter->handleRequest(NULL, Object(Config\Cache), false)
#11 C:\laragon\www\ci-atelier3\public\index.php(79): CodeIgniter\CodeIgniter->run()
#12 {main}
CRITICAL - 2023-12-20 17:10:25 --> Unable to connect to the database.
Main connection [SQLSRV]: [Microsoft][ODBC Driver 17 for SQL Server]Fournisseur TCP : Aucune connexion n’a pu être établie car l’ordinateur cible l’a expressément refusée.
 SQLSTATE: 08001, code: 10061
[Microsoft][ODBC Driver 17 for SQL Server]Délai d'attente de connexion expiré SQLSTATE: HYT00, code: 0
[Microsoft][ODBC Driver 17 for SQL Server]Une erreur liée au réseau ou spécifique à l'instance s'est produite lors de l'établissement d'une connexion à SQL Server. Le serveur est introuvable ou n'est pas accessible. Vérifiez si le nom de l'instance est correct et si SQL Server est configuré pour autoriser les connexions distantes. Pour plus d'informations, consultez la documentation en ligne de SQL Server. SQLSTATE: 08001, code: 10061
in SYSTEMPATH\Database\BaseConnection.php on line 427.
 1 SYSTEMPATH\Database\BaseConnection.php(574): CodeIgniter\Database\BaseConnection->initialize()
 2 SYSTEMPATH\Database\BaseBuilder.php(2308): CodeIgniter\Database\BaseConnection->query('INSERT INTO "AP3"."dbo"."Utilisateurs" ("typeClient") VALUES (:typeClient:)', [...], false)
 3 SYSTEMPATH\Model.php(319): CodeIgniter\Database\BaseBuilder->insert()
 4 SYSTEMPATH\BaseModel.php(788): CodeIgniter\Model->doInsert([...])
 5 SYSTEMPATH\Model.php(715): CodeIgniter\BaseModel->insert([...], false)
 6 SYSTEMPATH\BaseModel.php(698): CodeIgniter\Model->insert([...], false)
 7 APPPATH\Controllers\C_BASE.php(78): CodeIgniter\BaseModel->save([...])
 8 SYSTEMPATH\CodeIgniter.php(919): App\Controllers\C_BASE->Inscription_Utilisateur()
 9 SYSTEMPATH\CodeIgniter.php(494): CodeIgniter\CodeIgniter->runController(Object(App\Controllers\C_BASE))
10 SYSTEMPATH\CodeIgniter.php(353): CodeIgniter\CodeIgniter->handleRequest(null, Object(Config\Cache), false)
11 FCPATH\index.php(79): CodeIgniter\CodeIgniter->run()
ERROR - 2023-12-20 17:10:27 --> Error connecting to the database: CodeIgniter\Database\Exceptions\DatabaseException: [Microsoft][ODBC Driver 17 for SQL Server]Fournisseur TCP : Aucune connexion n’a pu être établie car l’ordinateur cible l’a expressément refusée.
 SQLSTATE: 08001, code: 10061
[Microsoft][ODBC Driver 17 for SQL Server]Délai d'attente de connexion expiré SQLSTATE: HYT00, code: 0
[Microsoft][ODBC Driver 17 for SQL Server]Une erreur liée au réseau ou spécifique à l'instance s'est produite lors de l'établissement d'une connexion à SQL Server. Le serveur est introuvable ou n'est pas accessible. Vérifiez si le nom de l'instance est correct et si SQL Server est configuré pour autoriser les connexions distantes. Pour plus d'informations, consultez la documentation en ligne de SQL Server. SQLSTATE: 08001, code: 10061 in C:\laragon\www\ci-atelier3\system\Database\SQLSRV\Connection.php:142
Stack trace:
#0 C:\laragon\www\ci-atelier3\system\Database\BaseConnection.php(391): CodeIgniter\Database\SQLSRV\Connection->connect(false)
#1 C:\laragon\www\ci-atelier3\system\Database\BaseConnection.php(574): CodeIgniter\Database\BaseConnection->initialize()
#2 C:\laragon\www\ci-atelier3\system\Database\BaseBuilder.php(2308): CodeIgniter\Database\BaseConnection->query('INSERT INTO "AP...', Array, false)
#3 C:\laragon\www\ci-atelier3\system\Model.php(319): CodeIgniter\Database\BaseBuilder->insert()
#4 C:\laragon\www\ci-atelier3\system\BaseModel.php(788): CodeIgniter\Model->doInsert(Array)
#5 C:\laragon\www\ci-atelier3\system\Model.php(715): CodeIgniter\BaseModel->insert(Array, false)
#6 C:\laragon\www\ci-atelier3\system\BaseModel.php(698): CodeIgniter\Model->insert(Array, false)
#7 C:\laragon\www\ci-atelier3\app\Controllers\C_BASE.php(78): CodeIgniter\BaseModel->save(Array)
#8 C:\laragon\www\ci-atelier3\system\CodeIgniter.php(919): App\Controllers\C_BASE->Inscription_Utilisateur()
#9 C:\laragon\www\ci-atelier3\system\CodeIgniter.php(494): CodeIgniter\CodeIgniter->runController(Object(App\Controllers\C_BASE))
#10 C:\laragon\www\ci-atelier3\system\CodeIgniter.php(353): CodeIgniter\CodeIgniter->handleRequest(NULL, Object(Config\Cache), false)
#11 C:\laragon\www\ci-atelier3\public\index.php(79): CodeIgniter\CodeIgniter->run()
#12 {main}
CRITICAL - 2023-12-20 17:10:27 --> Unable to connect to the database.
Main connection [SQLSRV]: [Microsoft][ODBC Driver 17 for SQL Server]Fournisseur TCP : Aucune connexion n’a pu être établie car l’ordinateur cible l’a expressément refusée.
 SQLSTATE: 08001, code: 10061
[Microsoft][ODBC Driver 17 for SQL Server]Délai d'attente de connexion expiré SQLSTATE: HYT00, code: 0
[Microsoft][ODBC Driver 17 for SQL Server]Une erreur liée au réseau ou spécifique à l'instance s'est produite lors de l'établissement d'une connexion à SQL Server. Le serveur est introuvable ou n'est pas accessible. Vérifiez si le nom de l'instance est correct et si SQL Server est configuré pour autoriser les connexions distantes. Pour plus d'informations, consultez la documentation en ligne de SQL Server. SQLSTATE: 08001, code: 10061
in SYSTEMPATH\Database\BaseConnection.php on line 427.
 1 SYSTEMPATH\Database\BaseConnection.php(574): CodeIgniter\Database\BaseConnection->initialize()
 2 SYSTEMPATH\Database\BaseBuilder.php(2308): CodeIgniter\Database\BaseConnection->query('INSERT INTO "AP3"."dbo"."Utilisateurs" ("typeClient") VALUES (:typeClient:)', [...], false)
 3 SYSTEMPATH\Model.php(319): CodeIgniter\Database\BaseBuilder->insert()
 4 SYSTEMPATH\BaseModel.php(788): CodeIgniter\Model->doInsert([...])
 5 SYSTEMPATH\Model.php(715): CodeIgniter\BaseModel->insert([...], false)
 6 SYSTEMPATH\BaseModel.php(698): CodeIgniter\Model->insert([...], false)
 7 APPPATH\Controllers\C_BASE.php(78): CodeIgniter\BaseModel->save([...])
 8 SYSTEMPATH\CodeIgniter.php(919): App\Controllers\C_BASE->Inscription_Utilisateur()
 9 SYSTEMPATH\CodeIgniter.php(494): CodeIgniter\CodeIgniter->runController(Object(App\Controllers\C_BASE))
10 SYSTEMPATH\CodeIgniter.php(353): CodeIgniter\CodeIgniter->handleRequest(null, Object(Config\Cache), false)
11 FCPATH\index.php(79): CodeIgniter\CodeIgniter->run()
INFO - 2023-12-20 17:11:20 --> Session: Class initialized using 'CodeIgniter\Session\Handlers\FileHandler' driver.
ERROR - 2023-12-20 17:11:45 --> Error connecting to the database: CodeIgniter\Database\Exceptions\DatabaseException: [Microsoft][ODBC Driver 17 for SQL Server]Fournisseur TCP : Aucune connexion n’a pu être établie car l’ordinateur cible l’a expressément refusée.
 SQLSTATE: 08001, code: 10061
[Microsoft][ODBC Driver 17 for SQL Server]Délai d'attente de connexion expiré SQLSTATE: HYT00, code: 0
[Microsoft][ODBC Driver 17 for SQL Server]Une erreur liée au réseau ou spécifique à l'instance s'est produite lors de l'établissement d'une connexion à SQL Server. Le serveur est introuvable ou n'est pas accessible. Vérifiez si le nom de l'instance est correct et si SQL Server est configuré pour autoriser les connexions distantes. Pour plus d'informations, consultez la documentation en ligne de SQL Server. SQLSTATE: 08001, code: 10061 in C:\laragon\www\ci-atelier3\system\Database\SQLSRV\Connection.php:142
Stack trace:
#0 C:\laragon\www\ci-atelier3\system\Database\BaseConnection.php(391): CodeIgniter\Database\SQLSRV\Connection->connect(false)
#1 C:\laragon\www\ci-atelier3\system\Database\BaseConnection.php(574): CodeIgniter\Database\BaseConnection->initialize()
#2 C:\laragon\www\ci-atelier3\system\Database\BaseBuilder.php(2308): CodeIgniter\Database\BaseConnection->query('INSERT INTO "AP...', Array, false)
#3 C:\laragon\www\ci-atelier3\system\Model.php(319): CodeIgniter\Database\BaseBuilder->insert()
#4 C:\laragon\www\ci-atelier3\system\BaseModel.php(788): CodeIgniter\Model->doInsert(Array)
#5 C:\laragon\www\ci-atelier3\system\Model.php(715): CodeIgniter\BaseModel->insert(Array, false)
#6 C:\laragon\www\ci-atelier3\system\BaseModel.php(698): CodeIgniter\Model->insert(Array, false)
#7 C:\laragon\www\ci-atelier3\app\Controllers\C_BASE.php(78): CodeIgniter\BaseModel->save(Array)
#8 C:\laragon\www\ci-atelier3\system\CodeIgniter.php(919): App\Controllers\C_BASE->Inscription_Utilisateur()
#9 C:\laragon\www\ci-atelier3\system\CodeIgniter.php(494): CodeIgniter\CodeIgniter->runController(Object(App\Controllers\C_BASE))
#10 C:\laragon\www\ci-atelier3\system\CodeIgniter.php(353): CodeIgniter\CodeIgniter->handleRequest(NULL, Object(Config\Cache), false)
#11 C:\laragon\www\ci-atelier3\public\index.php(79): CodeIgniter\CodeIgniter->run()
#12 {main}
CRITICAL - 2023-12-20 17:11:45 --> Unable to connect to the database.
Main connection [SQLSRV]: [Microsoft][ODBC Driver 17 for SQL Server]Fournisseur TCP : Aucune connexion n’a pu être établie car l’ordinateur cible l’a expressément refusée.
 SQLSTATE: 08001, code: 10061
[Microsoft][ODBC Driver 17 for SQL Server]Délai d'attente de connexion expiré SQLSTATE: HYT00, code: 0
[Microsoft][ODBC Driver 17 for SQL Server]Une erreur liée au réseau ou spécifique à l'instance s'est produite lors de l'établissement d'une connexion à SQL Server. Le serveur est introuvable ou n'est pas accessible. Vérifiez si le nom de l'instance est correct et si SQL Server est configuré pour autoriser les connexions distantes. Pour plus d'informations, consultez la documentation en ligne de SQL Server. SQLSTATE: 08001, code: 10061
in SYSTEMPATH\Database\BaseConnection.php on line 427.
 1 SYSTEMPATH\Database\BaseConnection.php(574): CodeIgniter\Database\BaseConnection->initialize()
 2 SYSTEMPATH\Database\BaseBuilder.php(2308): CodeIgniter\Database\BaseConnection->query('INSERT INTO "AP3"."dbo"."Utilisateurs" ("typeClient") VALUES (:typeClient:)', [...], false)
 3 SYSTEMPATH\Model.php(319): CodeIgniter\Database\BaseBuilder->insert()
 4 SYSTEMPATH\BaseModel.php(788): CodeIgniter\Model->doInsert([...])
 5 SYSTEMPATH\Model.php(715): CodeIgniter\BaseModel->insert([...], false)
 6 SYSTEMPATH\BaseModel.php(698): CodeIgniter\Model->insert([...], false)
 7 APPPATH\Controllers\C_BASE.php(78): CodeIgniter\BaseModel->save([...])
 8 SYSTEMPATH\CodeIgniter.php(919): App\Controllers\C_BASE->Inscription_Utilisateur()
 9 SYSTEMPATH\CodeIgniter.php(494): CodeIgniter\CodeIgniter->runController(Object(App\Controllers\C_BASE))
10 SYSTEMPATH\CodeIgniter.php(353): CodeIgniter\CodeIgniter->handleRequest(null, Object(Config\Cache), false)
11 FCPATH\index.php(79): CodeIgniter\CodeIgniter->run()
ERROR - 2023-12-20 17:11:52 --> [Microsoft][ODBC Driver 17 for SQL Server][SQL Server]Impossible d'insérer la valeur NULL dans la colonne 'prenom', table 'AP3.dbo.Utilisateurs'. Cette colonne n'accepte pas les valeurs NULL. Échec de INSERT.
CRITICAL - 2023-12-20 17:11:52 --> [Microsoft][ODBC Driver 17 for SQL Server][SQL Server]Impossible d'insérer la valeur NULL dans la colonne 'prenom', table 'AP3.dbo.Utilisateurs'. Cette colonne n'accepte pas les valeurs NULL. Échec de INSERT.
in SYSTEMPATH\Database\BaseConnection.php on line 646.
 1 SYSTEMPATH\Database\BaseBuilder.php(2308): CodeIgniter\Database\BaseConnection->query('INSERT INTO "AP3"."dbo"."Utilisateurs" ("typeClient") VALUES (:typeClient:)', [...], false)
 2 SYSTEMPATH\Model.php(319): CodeIgniter\Database\BaseBuilder->insert()
 3 SYSTEMPATH\BaseModel.php(788): CodeIgniter\Model->doInsert([...])
 4 SYSTEMPATH\Model.php(715): CodeIgniter\BaseModel->insert([...], false)
 5 SYSTEMPATH\BaseModel.php(698): CodeIgniter\Model->insert([...], false)
 6 APPPATH\Controllers\C_BASE.php(78): CodeIgniter\BaseModel->save([...])
 7 SYSTEMPATH\CodeIgniter.php(919): App\Controllers\C_BASE->Inscription_Utilisateur()
 8 SYSTEMPATH\CodeIgniter.php(494): CodeIgniter\CodeIgniter->runController(Object(App\Controllers\C_BASE))
 9 SYSTEMPATH\CodeIgniter.php(353): CodeIgniter\CodeIgniter->handleRequest(null, Object(Config\Cache), false)
10 FCPATH\index.php(79): CodeIgniter\CodeIgniter->run()
INFO - 2023-12-20 17:12:01 --> Session: Class initialized using 'CodeIgniter\Session\Handlers\FileHandler' driver.
ERROR - 2023-12-20 17:12:37 --> [Microsoft][ODBC Driver 17 for SQL Server][SQL Server]Impossible d'insérer la valeur NULL dans la colonne 'prenom', table 'AP3.dbo.Utilisateurs'. Cette colonne n'accepte pas les valeurs NULL. Échec de INSERT.
CRITICAL - 2023-12-20 17:12:37 --> [Microsoft][ODBC Driver 17 for SQL Server][SQL Server]Impossible d'insérer la valeur NULL dans la colonne 'prenom', table 'AP3.dbo.Utilisateurs'. Cette colonne n'accepte pas les valeurs NULL. Échec de INSERT.
in SYSTEMPATH\Database\BaseConnection.php on line 646.
 1 SYSTEMPATH\Database\BaseBuilder.php(2308): CodeIgniter\Database\BaseConnection->query('INSERT INTO "AP3"."dbo"."Utilisateurs" ("typeClient") VALUES (:typeClient:)', [...], false)
 2 SYSTEMPATH\Model.php(319): CodeIgniter\Database\BaseBuilder->insert()
 3 SYSTEMPATH\BaseModel.php(788): CodeIgniter\Model->doInsert([...])
 4 SYSTEMPATH\Model.php(715): CodeIgniter\BaseModel->insert([...], false)
 5 SYSTEMPATH\BaseModel.php(698): CodeIgniter\Model->insert([...], false)
 6 APPPATH\Controllers\C_BASE.php(78): CodeIgniter\BaseModel->save([...])
 7 SYSTEMPATH\CodeIgniter.php(919): App\Controllers\C_BASE->Inscription_Utilisateur()
 8 SYSTEMPATH\CodeIgniter.php(494): CodeIgniter\CodeIgniter->runController(Object(App\Controllers\C_BASE))
 9 SYSTEMPATH\CodeIgniter.php(353): CodeIgniter\CodeIgniter->handleRequest(null, Object(Config\Cache), false)
10 FCPATH\index.php(79): CodeIgniter\CodeIgniter->run()
ERROR - 2023-12-20 17:14:16 --> [Microsoft][ODBC Driver 17 for SQL Server][SQL Server]Impossible d'insérer la valeur NULL dans la colonne 'prenom', table 'AP3.dbo.Utilisateurs'. Cette colonne n'accepte pas les valeurs NULL. Échec de INSERT.
CRITICAL - 2023-12-20 17:14:16 --> [Microsoft][ODBC Driver 17 for SQL Server][SQL Server]Impossible d'insérer la valeur NULL dans la colonne 'prenom', table 'AP3.dbo.Utilisateurs'. Cette colonne n'accepte pas les valeurs NULL. Échec de INSERT.
in SYSTEMPATH\Database\BaseConnection.php on line 646.
 1 SYSTEMPATH\Database\BaseBuilder.php(2308): CodeIgniter\Database\BaseConnection->query('INSERT INTO "AP3"."dbo"."Utilisateurs" ("typeClient") VALUES (:typeClient:)', [...], false)
 2 SYSTEMPATH\Model.php(319): CodeIgniter\Database\BaseBuilder->insert()
 3 SYSTEMPATH\BaseModel.php(788): CodeIgniter\Model->doInsert([...])
 4 SYSTEMPATH\Model.php(715): CodeIgniter\BaseModel->insert([...], false)
 5 SYSTEMPATH\BaseModel.php(698): CodeIgniter\Model->insert([...], false)
 6 APPPATH\Controllers\C_BASE.php(78): CodeIgniter\BaseModel->save([...])
 7 SYSTEMPATH\CodeIgniter.php(919): App\Controllers\C_BASE->Inscription_Utilisateur()
 8 SYSTEMPATH\CodeIgniter.php(494): CodeIgniter\CodeIgniter->runController(Object(App\Controllers\C_BASE))
 9 SYSTEMPATH\CodeIgniter.php(353): CodeIgniter\CodeIgniter->handleRequest(null, Object(Config\Cache), false)
10 FCPATH\index.php(79): CodeIgniter\CodeIgniter->run()
ERROR - 2023-12-20 17:17:01 --> [Microsoft][ODBC Driver 17 for SQL Server][SQL Server]Le niveau maximal d'imbrication des procédures stockées, des fonctions, des déclencheurs ou des vues est dépassé (limite 32).
CRITICAL - 2023-12-20 17:17:01 --> [Microsoft][ODBC Driver 17 for SQL Server][SQL Server]Le niveau maximal d'imbrication des procédures stockées, des fonctions, des déclencheurs ou des vues est dépassé (limite 32).
in SYSTEMPATH\Database\BaseConnection.php on line 646.
 1 SYSTEMPATH\Database\BaseBuilder.php(2308): CodeIgniter\Database\BaseConnection->query('INSERT INTO "AP3"."dbo"."Utilisateurs" ("prenom","nom","email","password","typeClient") VALUES (:prenom:, :nom:, :email:, :password:, :typeClient:)', [...], false)
 2 SYSTEMPATH\Model.php(319): CodeIgniter\Database\BaseBuilder->insert()
 3 SYSTEMPATH\BaseModel.php(788): CodeIgniter\Model->doInsert([...])
 4 SYSTEMPATH\Model.php(715): CodeIgniter\BaseModel->insert([...], false)
 5 SYSTEMPATH\BaseModel.php(698): CodeIgniter\Model->insert([...], false)
 6 APPPATH\Controllers\C_BASE.php(85): CodeIgniter\BaseModel->save([...])
 7 SYSTEMPATH\CodeIgniter.php(919): App\Controllers\C_BASE->Inscription_Utilisateur()
 8 SYSTEMPATH\CodeIgniter.php(494): CodeIgniter\CodeIgniter->runController(Object(App\Controllers\C_BASE))
 9 SYSTEMPATH\CodeIgniter.php(353): CodeIgniter\CodeIgniter->handleRequest(null, Object(Config\Cache), false)
10 FCPATH\index.php(79): CodeIgniter\CodeIgniter->run()
INFO - 2023-12-20 17:17:05 --> Session: Class initialized using 'CodeIgniter\Session\Handlers\FileHandler' driver.
ERROR - 2023-12-20 17:17:16 --> [Microsoft][ODBC Driver 17 for SQL Server][SQL Server]Le niveau maximal d'imbrication des procédures stockées, des fonctions, des déclencheurs ou des vues est dépassé (limite 32).
CRITICAL - 2023-12-20 17:17:16 --> [Microsoft][ODBC Driver 17 for SQL Server][SQL Server]Le niveau maximal d'imbrication des procédures stockées, des fonctions, des déclencheurs ou des vues est dépassé (limite 32).
in SYSTEMPATH\Database\BaseConnection.php on line 646.
 1 SYSTEMPATH\Database\BaseBuilder.php(2308): CodeIgniter\Database\BaseConnection->query('INSERT INTO "AP3"."dbo"."Utilisateurs" ("prenom","nom","email","password","typeClient") VALUES (:prenom:, :nom:, :email:, :password:, :typeClient:)', [...], false)
 2 SYSTEMPATH\Model.php(319): CodeIgniter\Database\BaseBuilder->insert()
 3 SYSTEMPATH\BaseModel.php(788): CodeIgniter\Model->doInsert([...])
 4 SYSTEMPATH\Model.php(715): CodeIgniter\BaseModel->insert([...], false)
 5 SYSTEMPATH\BaseModel.php(698): CodeIgniter\Model->insert([...], false)
 6 APPPATH\Controllers\C_BASE.php(85): CodeIgniter\BaseModel->save([...])
 7 SYSTEMPATH\CodeIgniter.php(919): App\Controllers\C_BASE->Inscription_Utilisateur()
 8 SYSTEMPATH\CodeIgniter.php(494): CodeIgniter\CodeIgniter->runController(Object(App\Controllers\C_BASE))
 9 SYSTEMPATH\CodeIgniter.php(353): CodeIgniter\CodeIgniter->handleRequest(null, Object(Config\Cache), false)
10 FCPATH\index.php(79): CodeIgniter\CodeIgniter->run()
ERROR - 2023-12-20 17:23:11 --> [Microsoft][ODBC Driver 17 for SQL Server][SQL Server]Le niveau maximal d'imbrication des procédures stockées, des fonctions, des déclencheurs ou des vues est dépassé (limite 32).
CRITICAL - 2023-12-20 17:23:11 --> [Microsoft][ODBC Driver 17 for SQL Server][SQL Server]Le niveau maximal d'imbrication des procédures stockées, des fonctions, des déclencheurs ou des vues est dépassé (limite 32).
in SYSTEMPATH\Database\BaseConnection.php on line 646.
 1 SYSTEMPATH\Database\BaseBuilder.php(2308): CodeIgniter\Database\BaseConnection->query('INSERT INTO "AP3"."dbo"."Utilisateurs" ("prenom","nom","email","password","typeClient") VALUES (:prenom:, :nom:, :email:, :password:, :typeClient:)', [...], false)
 2 SYSTEMPATH\Model.php(319): CodeIgniter\Database\BaseBuilder->insert()
 3 SYSTEMPATH\BaseModel.php(788): CodeIgniter\Model->doInsert([...])
 4 SYSTEMPATH\Model.php(715): CodeIgniter\BaseModel->insert([...], false)
 5 SYSTEMPATH\BaseModel.php(698): CodeIgniter\Model->insert([...], false)
 6 APPPATH\Controllers\C_BASE.php(79): CodeIgniter\BaseModel->save([...])
 7 SYSTEMPATH\CodeIgniter.php(919): App\Controllers\C_BASE->Inscription_Utilisateur()
 8 SYSTEMPATH\CodeIgniter.php(494): CodeIgniter\CodeIgniter->runController(Object(App\Controllers\C_BASE))
 9 SYSTEMPATH\CodeIgniter.php(353): CodeIgniter\CodeIgniter->handleRequest(null, Object(Config\Cache), false)
10 FCPATH\index.php(79): CodeIgniter\CodeIgniter->run()
INFO - 2023-12-20 17:23:12 --> Session: Class initialized using 'CodeIgniter\Session\Handlers\FileHandler' driver.
ERROR - 2023-12-20 17:23:22 --> [Microsoft][ODBC Driver 17 for SQL Server][SQL Server]Le niveau maximal d'imbrication des procédures stockées, des fonctions, des déclencheurs ou des vues est dépassé (limite 32).
CRITICAL - 2023-12-20 17:23:22 --> [Microsoft][ODBC Driver 17 for SQL Server][SQL Server]Le niveau maximal d'imbrication des procédures stockées, des fonctions, des déclencheurs ou des vues est dépassé (limite 32).
in SYSTEMPATH\Database\BaseConnection.php on line 646.
 1 SYSTEMPATH\Database\BaseBuilder.php(2308): CodeIgniter\Database\BaseConnection->query('INSERT INTO "AP3"."dbo"."Utilisateurs" ("prenom","nom","email","password","typeClient") VALUES (:prenom:, :nom:, :email:, :password:, :typeClient:)', [...], false)
 2 SYSTEMPATH\Model.php(319): CodeIgniter\Database\BaseBuilder->insert()
 3 SYSTEMPATH\BaseModel.php(788): CodeIgniter\Model->doInsert([...])
 4 SYSTEMPATH\Model.php(715): CodeIgniter\BaseModel->insert([...], false)
 5 SYSTEMPATH\BaseModel.php(698): CodeIgniter\Model->insert([...], false)
 6 APPPATH\Controllers\C_BASE.php(79): CodeIgniter\BaseModel->save([...])
 7 SYSTEMPATH\CodeIgniter.php(919): App\Controllers\C_BASE->Inscription_Utilisateur()
 8 SYSTEMPATH\CodeIgniter.php(494): CodeIgniter\CodeIgniter->runController(Object(App\Controllers\C_BASE))
 9 SYSTEMPATH\CodeIgniter.php(353): CodeIgniter\CodeIgniter->handleRequest(null, Object(Config\Cache), false)
10 FCPATH\index.php(79): CodeIgniter\CodeIgniter->run()
INFO - 2023-12-20 17:37:58 --> Session: Class initialized using 'CodeIgniter\Session\Handlers\FileHandler' driver.
ERROR - 2023-12-20 17:38:09 --> [Microsoft][ODBC Driver 17 for SQL Server][SQL Server]Le niveau maximal d'imbrication des procédures stockées, des fonctions, des déclencheurs ou des vues est dépassé (limite 32).
CRITICAL - 2023-12-20 17:38:09 --> [Microsoft][ODBC Driver 17 for SQL Server][SQL Server]Le niveau maximal d'imbrication des procédures stockées, des fonctions, des déclencheurs ou des vues est dépassé (limite 32).
in SYSTEMPATH\Database\BaseConnection.php on line 646.
 1 SYSTEMPATH\Database\BaseBuilder.php(2308): CodeIgniter\Database\BaseConnection->query('INSERT INTO "AP3"."dbo"."Utilisateurs" ("prenom","nom","email","password","typeClient") VALUES (:prenom:, :nom:, :email:, :password:, :typeClient:)', [...], false)
 2 SYSTEMPATH\Model.php(319): CodeIgniter\Database\BaseBuilder->insert()
 3 SYSTEMPATH\BaseModel.php(788): CodeIgniter\Model->doInsert([...])
 4 SYSTEMPATH\Model.php(715): CodeIgniter\BaseModel->insert([...], false)
 5 SYSTEMPATH\BaseModel.php(698): CodeIgniter\Model->insert([...], false)
 6 APPPATH\Controllers\C_BASE.php(79): CodeIgniter\BaseModel->save([...])
 7 SYSTEMPATH\CodeIgniter.php(919): App\Controllers\C_BASE->Inscription_Utilisateur()
 8 SYSTEMPATH\CodeIgniter.php(494): CodeIgniter\CodeIgniter->runController(Object(App\Controllers\C_BASE))
 9 SYSTEMPATH\CodeIgniter.php(353): CodeIgniter\CodeIgniter->handleRequest(null, Object(Config\Cache), false)
10 FCPATH\index.php(79): CodeIgniter\CodeIgniter->run()
INFO - 2023-12-20 17:43:22 --> Session: Class initialized using 'CodeIgniter\Session\Handlers\FileHandler' driver.
ERROR - 2023-12-20 17:49:49 --> [Microsoft][ODBC Driver 17 for SQL Server][SQL Server]Le niveau maximal d'imbrication des procédures stockées, des fonctions, des déclencheurs ou des vues est dépassé (limite 32).
CRITICAL - 2023-12-20 17:49:49 --> [Microsoft][ODBC Driver 17 for SQL Server][SQL Server]Le niveau maximal d'imbrication des procédures stockées, des fonctions, des déclencheurs ou des vues est dépassé (limite 32).
in SYSTEMPATH\Database\BaseConnection.php on line 646.
 1 SYSTEMPATH\Database\BaseBuilder.php(2308): CodeIgniter\Database\BaseConnection->query('INSERT INTO "AP3"."dbo"."Utilisateurs" ("prenom","nom","email","password","typeClient") VALUES (:prenom:, :nom:, :email:, :password:, :typeClient:)', [...], false)
 2 SYSTEMPATH\Model.php(319): CodeIgniter\Database\BaseBuilder->insert()
 3 SYSTEMPATH\BaseModel.php(788): CodeIgniter\Model->doInsert([...])
 4 SYSTEMPATH\Model.php(715): CodeIgniter\BaseModel->insert([...], false)
 5 SYSTEMPATH\BaseModel.php(698): CodeIgniter\Model->insert([...], false)
 6 APPPATH\Controllers\C_BASE.php(79): CodeIgniter\BaseModel->save([...])
 7 SYSTEMPATH\CodeIgniter.php(919): App\Controllers\C_BASE->Inscription_Utilisateur()
 8 SYSTEMPATH\CodeIgniter.php(494): CodeIgniter\CodeIgniter->runController(Object(App\Controllers\C_BASE))
 9 SYSTEMPATH\CodeIgniter.php(353): CodeIgniter\CodeIgniter->handleRequest(null, Object(Config\Cache), false)
10 FCPATH\index.php(79): CodeIgniter\CodeIgniter->run()
ERROR - 2023-12-20 17:50:26 --> [Microsoft][ODBC Driver 17 for SQL Server][SQL Server]Le niveau maximal d'imbrication des procédures stockées, des fonctions, des déclencheurs ou des vues est dépassé (limite 32).
CRITICAL - 2023-12-20 17:50:26 --> [Microsoft][ODBC Driver 17 for SQL Server][SQL Server]Le niveau maximal d'imbrication des procédures stockées, des fonctions, des déclencheurs ou des vues est dépassé (limite 32).
in SYSTEMPATH\Database\BaseConnection.php on line 646.
 1 SYSTEMPATH\Database\BaseBuilder.php(2308): CodeIgniter\Database\BaseConnection->query('INSERT INTO "AP3"."dbo"."Utilisateurs" ("prenom","nom","email","password","typeClient") VALUES (:prenom:, :nom:, :email:, :password:, :typeClient:)', [...], false)
 2 SYSTEMPATH\Model.php(319): CodeIgniter\Database\BaseBuilder->insert()
 3 SYSTEMPATH\BaseModel.php(789): CodeIgniter\Model->doInsert([...])
 4 SYSTEMPATH\Model.php(715): CodeIgniter\BaseModel->insert([...], false)
 5 SYSTEMPATH\BaseModel.php(699): CodeIgniter\Model->insert([...], false)
 6 APPPATH\Controllers\C_BASE.php(79): CodeIgniter\BaseModel->save([...])
 7 SYSTEMPATH\CodeIgniter.php(919): App\Controllers\C_BASE->Inscription_Utilisateur()
 8 SYSTEMPATH\CodeIgniter.php(494): CodeIgniter\CodeIgniter->runController(Object(App\Controllers\C_BASE))
 9 SYSTEMPATH\CodeIgniter.php(353): CodeIgniter\CodeIgniter->handleRequest(null, Object(Config\Cache), false)
10 FCPATH\index.php(79): CodeIgniter\CodeIgniter->run()
ERROR - 2023-12-20 17:50:36 --> [Microsoft][ODBC Driver 17 for SQL Server][SQL Server]Le niveau maximal d'imbrication des procédures stockées, des fonctions, des déclencheurs ou des vues est dépassé (limite 32).
CRITICAL - 2023-12-20 17:50:36 --> [Microsoft][ODBC Driver 17 for SQL Server][SQL Server]Le niveau maximal d'imbrication des procédures stockées, des fonctions, des déclencheurs ou des vues est dépassé (limite 32).
in SYSTEMPATH\Database\BaseConnection.php on line 646.
 1 SYSTEMPATH\Database\BaseBuilder.php(2308): CodeIgniter\Database\BaseConnection->query('INSERT INTO "AP3"."dbo"."Utilisateurs" ("prenom","nom","email","password","typeClient") VALUES (:prenom:, :nom:, :email:, :password:, :typeClient:)', [...], false)
 2 SYSTEMPATH\Model.php(319): CodeIgniter\Database\BaseBuilder->insert()
 3 SYSTEMPATH\BaseModel.php(790): CodeIgniter\Model->doInsert([...])
 4 SYSTEMPATH\Model.php(715): CodeIgniter\BaseModel->insert([...], false)
 5 SYSTEMPATH\BaseModel.php(700): CodeIgniter\Model->insert([...], false)
 6 APPPATH\Controllers\C_BASE.php(79): CodeIgniter\BaseModel->save([...])
 7 SYSTEMPATH\CodeIgniter.php(919): App\Controllers\C_BASE->Inscription_Utilisateur()
 8 SYSTEMPATH\CodeIgniter.php(494): CodeIgniter\CodeIgniter->runController(Object(App\Controllers\C_BASE))
 9 SYSTEMPATH\CodeIgniter.php(353): CodeIgniter\CodeIgniter->handleRequest(null, Object(Config\Cache), false)
10 FCPATH\index.php(79): CodeIgniter\CodeIgniter->run()
INFO - 2023-12-20 17:50:38 --> Session: Class initialized using 'CodeIgniter\Session\Handlers\FileHandler' driver.
ERROR - 2023-12-20 17:50:48 --> [Microsoft][ODBC Driver 17 for SQL Server][SQL Server]Le niveau maximal d'imbrication des procédures stockées, des fonctions, des déclencheurs ou des vues est dépassé (limite 32).
CRITICAL - 2023-12-20 17:50:48 --> [Microsoft][ODBC Driver 17 for SQL Server][SQL Server]Le niveau maximal d'imbrication des procédures stockées, des fonctions, des déclencheurs ou des vues est dépassé (limite 32).
in SYSTEMPATH\Database\BaseConnection.php on line 646.
 1 SYSTEMPATH\Database\BaseBuilder.php(2308): CodeIgniter\Database\BaseConnection->query('INSERT INTO "AP3"."dbo"."Utilisateurs" ("prenom","nom","email","password","typeClient") VALUES (:prenom:, :nom:, :email:, :password:, :typeClient:)', [...], false)
 2 SYSTEMPATH\Model.php(319): CodeIgniter\Database\BaseBuilder->insert()
 3 SYSTEMPATH\BaseModel.php(790): CodeIgniter\Model->doInsert([...])
 4 SYSTEMPATH\Model.php(715): CodeIgniter\BaseModel->insert([...], false)
 5 SYSTEMPATH\BaseModel.php(700): CodeIgniter\Model->insert([...], false)
 6 APPPATH\Controllers\C_BASE.php(79): CodeIgniter\BaseModel->save([...])
 7 SYSTEMPATH\CodeIgniter.php(919): App\Controllers\C_BASE->Inscription_Utilisateur()
 8 SYSTEMPATH\CodeIgniter.php(494): CodeIgniter\CodeIgniter->runController(Object(App\Controllers\C_BASE))
 9 SYSTEMPATH\CodeIgniter.php(353): CodeIgniter\CodeIgniter->handleRequest(null, Object(Config\Cache), false)
10 FCPATH\index.php(79): CodeIgniter\CodeIgniter->run()
INFO - 2023-12-20 17:51:05 --> Session: Class initialized using 'CodeIgniter\Session\Handlers\FileHandler' driver.
ERROR - 2023-12-20 17:51:15 --> [Microsoft][ODBC Driver 17 for SQL Server][SQL Server]Le niveau maximal d'imbrication des procédures stockées, des fonctions, des déclencheurs ou des vues est dépassé (limite 32).
CRITICAL - 2023-12-20 17:51:15 --> [Microsoft][ODBC Driver 17 for SQL Server][SQL Server]Le niveau maximal d'imbrication des procédures stockées, des fonctions, des déclencheurs ou des vues est dépassé (limite 32).
in SYSTEMPATH\Database\BaseConnection.php on line 646.
 1 SYSTEMPATH\Database\BaseBuilder.php(2308): CodeIgniter\Database\BaseConnection->query('INSERT INTO "AP3"."dbo"."Utilisateurs" ("prenom","nom","email","password","typeClient") VALUES (:prenom:, :nom:, :email:, :password:, :typeClient:)', [...], false)
 2 SYSTEMPATH\Model.php(319): CodeIgniter\Database\BaseBuilder->insert()
 3 SYSTEMPATH\BaseModel.php(790): CodeIgniter\Model->doInsert([...])
 4 SYSTEMPATH\Model.php(715): CodeIgniter\BaseModel->insert([...], false)
 5 SYSTEMPATH\BaseModel.php(700): CodeIgniter\Model->insert([...], false)
 6 APPPATH\Controllers\C_BASE.php(79): CodeIgniter\BaseModel->save([...])
 7 SYSTEMPATH\CodeIgniter.php(919): App\Controllers\C_BASE->Inscription_Utilisateur()
 8 SYSTEMPATH\CodeIgniter.php(494): CodeIgniter\CodeIgniter->runController(Object(App\Controllers\C_BASE))
 9 SYSTEMPATH\CodeIgniter.php(353): CodeIgniter\CodeIgniter->handleRequest(null, Object(Config\Cache), false)
10 FCPATH\index.php(79): CodeIgniter\CodeIgniter->run()
INFO - 2023-12-20 17:52:38 --> Session: Class initialized using 'CodeIgniter\Session\Handlers\FileHandler' driver.
ERROR - 2023-12-20 17:52:54 --> [Microsoft][ODBC Driver 17 for SQL Server][SQL Server]Le niveau maximal d'imbrication des procédures stockées, des fonctions, des déclencheurs ou des vues est dépassé (limite 32).
CRITICAL - 2023-12-20 17:52:54 --> [Microsoft][ODBC Driver 17 for SQL Server][SQL Server]Le niveau maximal d'imbrication des procédures stockées, des fonctions, des déclencheurs ou des vues est dépassé (limite 32).
in SYSTEMPATH\Database\BaseConnection.php on line 646.
 1 SYSTEMPATH\Database\BaseBuilder.php(2308): CodeIgniter\Database\BaseConnection->query('INSERT INTO "AP3"."dbo"."Utilisateurs" ("prenom","nom","email","password","typeClient") VALUES (:prenom:, :nom:, :email:, :password:, :typeClient:)', [...], false)
 2 SYSTEMPATH\Model.php(319): CodeIgniter\Database\BaseBuilder->insert()
 3 SYSTEMPATH\BaseModel.php(790): CodeIgniter\Model->doInsert([...])
 4 SYSTEMPATH\Model.php(715): CodeIgniter\BaseModel->insert([...], false)
 5 SYSTEMPATH\BaseModel.php(700): CodeIgniter\Model->insert([...], false)
 6 APPPATH\Controllers\C_BASE.php(79): CodeIgniter\BaseModel->save([...])
 7 SYSTEMPATH\CodeIgniter.php(919): App\Controllers\C_BASE->Inscription_Utilisateur()
 8 SYSTEMPATH\CodeIgniter.php(494): CodeIgniter\CodeIgniter->runController(Object(App\Controllers\C_BASE))
 9 SYSTEMPATH\CodeIgniter.php(353): CodeIgniter\CodeIgniter->handleRequest(null, Object(Config\Cache), false)
10 FCPATH\index.php(79): CodeIgniter\CodeIgniter->run()
INFO - 2023-12-20 17:53:53 --> Session: Class initialized using 'CodeIgniter\Session\Handlers\FileHandler' driver.
ERROR - 2023-12-20 17:54:04 --> [Microsoft][ODBC Driver 17 for SQL Server][SQL Server]Le niveau maximal d'imbrication des procédures stockées, des fonctions, des déclencheurs ou des vues est dépassé (limite 32).
CRITICAL - 2023-12-20 17:54:04 --> [Microsoft][ODBC Driver 17 for SQL Server][SQL Server]Le niveau maximal d'imbrication des procédures stockées, des fonctions, des déclencheurs ou des vues est dépassé (limite 32).
in SYSTEMPATH\Database\BaseConnection.php on line 646.
 1 SYSTEMPATH\Database\BaseBuilder.php(2308): CodeIgniter\Database\BaseConnection->query('INSERT INTO "AP3"."dbo"."Utilisateurs" ("prenom","nom","email","password","typeClient") VALUES (:prenom:, :nom:, :email:, :password:, :typeClient:)', [...], false)
 2 SYSTEMPATH\Model.php(319): CodeIgniter\Database\BaseBuilder->insert()
 3 SYSTEMPATH\BaseModel.php(790): CodeIgniter\Model->doInsert([...])
 4 SYSTEMPATH\Model.php(715): CodeIgniter\BaseModel->insert([...], false)
 5 SYSTEMPATH\BaseModel.php(700): CodeIgniter\Model->insert([...], false)
 6 APPPATH\Controllers\C_BASE.php(79): CodeIgniter\BaseModel->save([...])
 7 SYSTEMPATH\CodeIgniter.php(919): App\Controllers\C_BASE->Inscription_Utilisateur()
 8 SYSTEMPATH\CodeIgniter.php(494): CodeIgniter\CodeIgniter->runController(Object(App\Controllers\C_BASE))
 9 SYSTEMPATH\CodeIgniter.php(353): CodeIgniter\CodeIgniter->handleRequest(null, Object(Config\Cache), false)
10 FCPATH\index.php(79): CodeIgniter\CodeIgniter->run()
INFO - 2023-12-20 17:54:10 --> Session: Class initialized using 'CodeIgniter\Session\Handlers\FileHandler' driver.
ERROR - 2023-12-20 17:54:20 --> [Microsoft][ODBC Driver 17 for SQL Server][SQL Server]Le niveau maximal d'imbrication des procédures stockées, des fonctions, des déclencheurs ou des vues est dépassé (limite 32).
CRITICAL - 2023-12-20 17:54:20 --> [Microsoft][ODBC Driver 17 for SQL Server][SQL Server]Le niveau maximal d'imbrication des procédures stockées, des fonctions, des déclencheurs ou des vues est dépassé (limite 32).
in SYSTEMPATH\Database\BaseConnection.php on line 646.
 1 SYSTEMPATH\Database\BaseBuilder.php(2308): CodeIgniter\Database\BaseConnection->query('INSERT INTO "AP3"."dbo"."Utilisateurs" ("prenom","nom","email","password","typeClient") VALUES (:prenom:, :nom:, :email:, :password:, :typeClient:)', [...], false)
 2 SYSTEMPATH\Model.php(319): CodeIgniter\Database\BaseBuilder->insert()
 3 SYSTEMPATH\BaseModel.php(790): CodeIgniter\Model->doInsert([...])
 4 SYSTEMPATH\Model.php(715): CodeIgniter\BaseModel->insert([...], false)
 5 SYSTEMPATH\BaseModel.php(700): CodeIgniter\Model->insert([...], false)
 6 APPPATH\Controllers\C_BASE.php(79): CodeIgniter\BaseModel->save([...])
 7 SYSTEMPATH\CodeIgniter.php(919): App\Controllers\C_BASE->Inscription_Utilisateur()
 8 SYSTEMPATH\CodeIgniter.php(494): CodeIgniter\CodeIgniter->runController(Object(App\Controllers\C_BASE))
 9 SYSTEMPATH\CodeIgniter.php(353): CodeIgniter\CodeIgniter->handleRequest(null, Object(Config\Cache), false)
10 FCPATH\index.php(79): CodeIgniter\CodeIgniter->run()
INFO - 2023-12-20 17:54:37 --> Session: Class initialized using 'CodeIgniter\Session\Handlers\FileHandler' driver.
INFO - 2023-12-20 17:54:56 --> Session: Class initialized using 'CodeIgniter\Session\Handlers\FileHandler' driver.
ERROR - 2023-12-20 17:55:06 --> [Microsoft][ODBC Driver 17 for SQL Server][SQL Server]Le niveau maximal d'imbrication des procédures stockées, des fonctions, des déclencheurs ou des vues est dépassé (limite 32).
CRITICAL - 2023-12-20 17:55:06 --> [Microsoft][ODBC Driver 17 for SQL Server][SQL Server]Le niveau maximal d'imbrication des procédures stockées, des fonctions, des déclencheurs ou des vues est dépassé (limite 32).
in SYSTEMPATH\Database\BaseConnection.php on line 646.
 1 SYSTEMPATH\Database\BaseBuilder.php(2308): CodeIgniter\Database\BaseConnection->query('INSERT INTO "AP3"."dbo"."Utilisateurs" ("prenom","nom","email","password","typeClient") VALUES (:prenom:, :nom:, :email:, :password:, :typeClient:)', [...], false)
 2 SYSTEMPATH\Model.php(319): CodeIgniter\Database\BaseBuilder->insert()
 3 SYSTEMPATH\BaseModel.php(789): CodeIgniter\Model->doInsert([...])
 4 SYSTEMPATH\Model.php(715): CodeIgniter\BaseModel->insert([...], false)
 5 SYSTEMPATH\BaseModel.php(699): CodeIgniter\Model->insert([...], false)
 6 APPPATH\Controllers\C_BASE.php(79): CodeIgniter\BaseModel->save([...])
 7 SYSTEMPATH\CodeIgniter.php(919): App\Controllers\C_BASE->Inscription_Utilisateur()
 8 SYSTEMPATH\CodeIgniter.php(494): CodeIgniter\CodeIgniter->runController(Object(App\Controllers\C_BASE))
 9 SYSTEMPATH\CodeIgniter.php(353): CodeIgniter\CodeIgniter->handleRequest(null, Object(Config\Cache), false)
10 FCPATH\index.php(79): CodeIgniter\CodeIgniter->run()
ERROR - 2023-12-20 17:57:43 --> [Microsoft][ODBC Driver 17 for SQL Server][SQL Server]Le niveau maximal d'imbrication des procédures stockées, des fonctions, des déclencheurs ou des vues est dépassé (limite 32).
CRITICAL - 2023-12-20 17:57:43 --> [Microsoft][ODBC Driver 17 for SQL Server][SQL Server]Le niveau maximal d'imbrication des procédures stockées, des fonctions, des déclencheurs ou des vues est dépassé (limite 32).
in SYSTEMPATH\Database\BaseConnection.php on line 646.
 1 SYSTEMPATH\Database\BaseBuilder.php(2308): CodeIgniter\Database\BaseConnection->query('INSERT INTO "AP3"."dbo"."Utilisateurs" ("prenom","nom","email","password","typeClient") VALUES (:prenom:, :nom:, :email:, :password:, :typeClient:)', [...], false)
 2 SYSTEMPATH\Model.php(319): CodeIgniter\Database\BaseBuilder->insert()
 3 SYSTEMPATH\BaseModel.php(788): CodeIgniter\Model->doInsert([...])
 4 SYSTEMPATH\Model.php(715): CodeIgniter\BaseModel->insert([...], false)
 5 SYSTEMPATH\BaseModel.php(698): CodeIgniter\Model->insert([...], false)
 6 APPPATH\Controllers\C_BASE.php(79): CodeIgniter\BaseModel->save([...])
 7 SYSTEMPATH\CodeIgniter.php(919): App\Controllers\C_BASE->Inscription_Utilisateur()
 8 SYSTEMPATH\CodeIgniter.php(494): CodeIgniter\CodeIgniter->runController(Object(App\Controllers\C_BASE))
 9 SYSTEMPATH\CodeIgniter.php(353): CodeIgniter\CodeIgniter->handleRequest(null, Object(Config\Cache), false)
10 FCPATH\index.php(79): CodeIgniter\CodeIgniter->run()
ERROR - 2023-12-20 17:57:48 --> [Microsoft][ODBC Driver 17 for SQL Server][SQL Server]Le niveau maximal d'imbrication des procédures stockées, des fonctions, des déclencheurs ou des vues est dépassé (limite 32).
CRITICAL - 2023-12-20 17:57:48 --> [Microsoft][ODBC Driver 17 for SQL Server][SQL Server]Le niveau maximal d'imbrication des procédures stockées, des fonctions, des déclencheurs ou des vues est dépassé (limite 32).
in SYSTEMPATH\Database\BaseConnection.php on line 646.
 1 SYSTEMPATH\Database\BaseBuilder.php(2308): CodeIgniter\Database\BaseConnection->query('INSERT INTO "AP3"."dbo"."Utilisateurs" ("prenom","nom","email","password","typeClient") VALUES (:prenom:, :nom:, :email:, :password:, :typeClient:)', [...], false)
 2 SYSTEMPATH\Model.php(319): CodeIgniter\Database\BaseBuilder->insert()
 3 SYSTEMPATH\BaseModel.php(788): CodeIgniter\Model->doInsert([...])
 4 SYSTEMPATH\Model.php(715): CodeIgniter\BaseModel->insert([...], false)
 5 SYSTEMPATH\BaseModel.php(698): CodeIgniter\Model->insert([...], false)
 6 APPPATH\Controllers\C_BASE.php(79): CodeIgniter\BaseModel->save([...])
 7 SYSTEMPATH\CodeIgniter.php(919): App\Controllers\C_BASE->Inscription_Utilisateur()
 8 SYSTEMPATH\CodeIgniter.php(494): CodeIgniter\CodeIgniter->runController(Object(App\Controllers\C_BASE))
 9 SYSTEMPATH\CodeIgniter.php(353): CodeIgniter\CodeIgniter->handleRequest(null, Object(Config\Cache), false)
10 FCPATH\index.php(79): CodeIgniter\CodeIgniter->run()
ERROR - 2023-12-20 17:58:36 --> [Microsoft][ODBC Driver 17 for SQL Server][SQL Server]Le niveau maximal d'imbrication des procédures stockées, des fonctions, des déclencheurs ou des vues est dépassé (limite 32).
CRITICAL - 2023-12-20 17:58:36 --> [Microsoft][ODBC Driver 17 for SQL Server][SQL Server]Le niveau maximal d'imbrication des procédures stockées, des fonctions, des déclencheurs ou des vues est dépassé (limite 32).
in SYSTEMPATH\Database\BaseConnection.php on line 646.
 1 SYSTEMPATH\Database\BaseBuilder.php(2308): CodeIgniter\Database\BaseConnection->query('INSERT INTO "AP3"."dbo"."Utilisateurs" ("prenom","nom","email","password","typeClient") VALUES (:prenom:, :nom:, :email:, :password:, :typeClient:)', [...], false)
 2 SYSTEMPATH\Model.php(319): CodeIgniter\Database\BaseBuilder->insert()
 3 SYSTEMPATH\BaseModel.php(788): CodeIgniter\Model->doInsert([...])
 4 SYSTEMPATH\Model.php(715): CodeIgniter\BaseModel->insert([...], false)
 5 SYSTEMPATH\BaseModel.php(698): CodeIgniter\Model->insert([...], false)
 6 APPPATH\Controllers\C_BASE.php(79): CodeIgniter\BaseModel->save([...])
 7 SYSTEMPATH\CodeIgniter.php(919): App\Controllers\C_BASE->Inscription_Utilisateur()
 8 SYSTEMPATH\CodeIgniter.php(494): CodeIgniter\CodeIgniter->runController(Object(App\Controllers\C_BASE))
 9 SYSTEMPATH\CodeIgniter.php(353): CodeIgniter\CodeIgniter->handleRequest(null, Object(Config\Cache), false)
10 FCPATH\index.php(79): CodeIgniter\CodeIgniter->run()
ERROR - 2023-12-20 17:59:12 --> [Microsoft][ODBC Driver 17 for SQL Server][SQL Server]Le niveau maximal d'imbrication des procédures stockées, des fonctions, des déclencheurs ou des vues est dépassé (limite 32).
CRITICAL - 2023-12-20 17:59:12 --> [Microsoft][ODBC Driver 17 for SQL Server][SQL Server]Le niveau maximal d'imbrication des procédures stockées, des fonctions, des déclencheurs ou des vues est dépassé (limite 32).
in SYSTEMPATH\Database\BaseConnection.php on line 646.
 1 SYSTEMPATH\Database\BaseBuilder.php(2308): CodeIgniter\Database\BaseConnection->query('INSERT INTO "AP3"."dbo"."Utilisateurs" ("prenom","nom","email","password","typeClient") VALUES (:prenom:, :nom:, :email:, :password:, :typeClient:)', [...], false)
 2 SYSTEMPATH\Model.php(319): CodeIgniter\Database\BaseBuilder->insert()
 3 SYSTEMPATH\BaseModel.php(788): CodeIgniter\Model->doInsert([...])
 4 SYSTEMPATH\Model.php(715): CodeIgniter\BaseModel->insert([...], false)
 5 SYSTEMPATH\BaseModel.php(698): CodeIgniter\Model->insert([...], false)
 6 APPPATH\Controllers\C_BASE.php(79): CodeIgniter\BaseModel->save([...])
 7 SYSTEMPATH\CodeIgniter.php(919): App\Controllers\C_BASE->Inscription_Utilisateur()
 8 SYSTEMPATH\CodeIgniter.php(494): CodeIgniter\CodeIgniter->runController(Object(App\Controllers\C_BASE))
 9 SYSTEMPATH\CodeIgniter.php(353): CodeIgniter\CodeIgniter->handleRequest(null, Object(Config\Cache), false)
10 FCPATH\index.php(79): CodeIgniter\CodeIgniter->run()
ERROR - 2023-12-20 17:59:39 --> [Microsoft][ODBC Driver 17 for SQL Server][SQL Server]Le niveau maximal d'imbrication des procédures stockées, des fonctions, des déclencheurs ou des vues est dépassé (limite 32).
CRITICAL - 2023-12-20 17:59:39 --> [Microsoft][ODBC Driver 17 for SQL Server][SQL Server]Le niveau maximal d'imbrication des procédures stockées, des fonctions, des déclencheurs ou des vues est dépassé (limite 32).
in SYSTEMPATH\Database\BaseConnection.php on line 646.
 1 SYSTEMPATH\Database\BaseBuilder.php(2308): CodeIgniter\Database\BaseConnection->query('INSERT INTO "AP3"."dbo"."Utilisateurs" ("prenom","nom","email","password","typeClient") VALUES (:prenom:, :nom:, :email:, :password:, :typeClient:)', [...], false)
 2 SYSTEMPATH\Model.php(319): CodeIgniter\Database\BaseBuilder->insert()
 3 SYSTEMPATH\BaseModel.php(788): CodeIgniter\Model->doInsert([...])
 4 SYSTEMPATH\Model.php(715): CodeIgniter\BaseModel->insert([...], false)
 5 SYSTEMPATH\BaseModel.php(698): CodeIgniter\Model->insert([...], false)
 6 APPPATH\Controllers\C_BASE.php(79): CodeIgniter\BaseModel->save([...])
 7 SYSTEMPATH\CodeIgniter.php(919): App\Controllers\C_BASE->Inscription_Utilisateur()
 8 SYSTEMPATH\CodeIgniter.php(494): CodeIgniter\CodeIgniter->runController(Object(App\Controllers\C_BASE))
 9 SYSTEMPATH\CodeIgniter.php(353): CodeIgniter\CodeIgniter->handleRequest(null, Object(Config\Cache), false)
10 FCPATH\index.php(79): CodeIgniter\CodeIgniter->run()
ERROR - 2023-12-20 17:59:44 --> [Microsoft][ODBC Driver 17 for SQL Server][SQL Server]Le niveau maximal d'imbrication des procédures stockées, des fonctions, des déclencheurs ou des vues est dépassé (limite 32).
CRITICAL - 2023-12-20 17:59:44 --> [Microsoft][ODBC Driver 17 for SQL Server][SQL Server]Le niveau maximal d'imbrication des procédures stockées, des fonctions, des déclencheurs ou des vues est dépassé (limite 32).
in SYSTEMPATH\Database\BaseConnection.php on line 646.
 1 SYSTEMPATH\Database\BaseBuilder.php(2308): CodeIgniter\Database\BaseConnection->query('INSERT INTO "AP3"."dbo"."Utilisateurs" ("prenom","nom","email","password","typeClient") VALUES (:prenom:, :nom:, :email:, :password:, :typeClient:)', [...], false)
 2 SYSTEMPATH\Model.php(319): CodeIgniter\Database\BaseBuilder->insert()
 3 SYSTEMPATH\BaseModel.php(788): CodeIgniter\Model->doInsert([...])
 4 SYSTEMPATH\Model.php(715): CodeIgniter\BaseModel->insert([...], false)
 5 SYSTEMPATH\BaseModel.php(698): CodeIgniter\Model->insert([...], false)
 6 APPPATH\Controllers\C_BASE.php(79): CodeIgniter\BaseModel->save([...])
 7 SYSTEMPATH\CodeIgniter.php(919): App\Controllers\C_BASE->Inscription_Utilisateur()
 8 SYSTEMPATH\CodeIgniter.php(494): CodeIgniter\CodeIgniter->runController(Object(App\Controllers\C_BASE))
 9 SYSTEMPATH\CodeIgniter.php(353): CodeIgniter\CodeIgniter->handleRequest(null, Object(Config\Cache), false)
10 FCPATH\index.php(79): CodeIgniter\CodeIgniter->run()
ERROR - 2023-12-20 18:27:02 --> [Microsoft][ODBC Driver 17 for SQL Server][SQL Server]Le niveau maximal d'imbrication des procédures stockées, des fonctions, des déclencheurs ou des vues est dépassé (limite 32).
CRITICAL - 2023-12-20 18:27:02 --> [Microsoft][ODBC Driver 17 for SQL Server][SQL Server]Le niveau maximal d'imbrication des procédures stockées, des fonctions, des déclencheurs ou des vues est dépassé (limite 32).
in SYSTEMPATH\Database\BaseConnection.php on line 646.
 1 SYSTEMPATH\Database\BaseBuilder.php(2308): CodeIgniter\Database\BaseConnection->query('INSERT INTO "AP3"."dbo"."Utilisateurs" ("prenom","nom","email","password","typeClient") VALUES (:prenom:, :nom:, :email:, :password:, :typeClient:)', [...], false)
 2 SYSTEMPATH\Model.php(319): CodeIgniter\Database\BaseBuilder->insert()
 3 SYSTEMPATH\BaseModel.php(788): CodeIgniter\Model->doInsert([...])
 4 SYSTEMPATH\Model.php(715): CodeIgniter\BaseModel->insert([...], false)
 5 SYSTEMPATH\BaseModel.php(698): CodeIgniter\Model->insert([...], false)
 6 APPPATH\Controllers\C_BASE.php(79): CodeIgniter\BaseModel->save([...])
 7 SYSTEMPATH\CodeIgniter.php(919): App\Controllers\C_BASE->Inscription_Utilisateur()
 8 SYSTEMPATH\CodeIgniter.php(494): CodeIgniter\CodeIgniter->runController(Object(App\Controllers\C_BASE))
 9 SYSTEMPATH\CodeIgniter.php(353): CodeIgniter\CodeIgniter->handleRequest(null, Object(Config\Cache), false)
10 FCPATH\index.php(79): CodeIgniter\CodeIgniter->run()
ERROR - 2023-12-20 18:29:10 --> [Microsoft][ODBC Driver 17 for SQL Server][SQL Server]Le niveau maximal d'imbrication des procédures stockées, des fonctions, des déclencheurs ou des vues est dépassé (limite 32).
CRITICAL - 2023-12-20 18:29:10 --> [Microsoft][ODBC Driver 17 for SQL Server][SQL Server]Le niveau maximal d'imbrication des procédures stockées, des fonctions, des déclencheurs ou des vues est dépassé (limite 32).
in SYSTEMPATH\Database\BaseConnection.php on line 646.
 1 SYSTEMPATH\Database\BaseBuilder.php(2308): CodeIgniter\Database\BaseConnection->query('INSERT INTO "AP3"."dbo"."Utilisateurs" ("prenom","nom","email","password","typeClient") VALUES (:prenom:, :nom:, :email:, :password:, :typeClient:)', [...], false)
 2 SYSTEMPATH\Model.php(319): CodeIgniter\Database\BaseBuilder->insert()
 3 SYSTEMPATH\BaseModel.php(788): CodeIgniter\Model->doInsert([...])
 4 SYSTEMPATH\Model.php(715): CodeIgniter\BaseModel->insert([...], false)
 5 SYSTEMPATH\BaseModel.php(698): CodeIgniter\Model->insert([...], false)
 6 APPPATH\Controllers\C_BASE.php(80): CodeIgniter\BaseModel->save([...])
 7 SYSTEMPATH\CodeIgniter.php(919): App\Controllers\C_BASE->Inscription_Utilisateur()
 8 SYSTEMPATH\CodeIgniter.php(494): CodeIgniter\CodeIgniter->runController(Object(App\Controllers\C_BASE))
 9 SYSTEMPATH\CodeIgniter.php(353): CodeIgniter\CodeIgniter->handleRequest(null, Object(Config\Cache), false)
10 FCPATH\index.php(79): CodeIgniter\CodeIgniter->run()
INFO - 2023-12-20 18:29:12 --> Session: Class initialized using 'CodeIgniter\Session\Handlers\FileHandler' driver.
ERROR - 2023-12-20 18:29:21 --> [Microsoft][ODBC Driver 17 for SQL Server][SQL Server]Le niveau maximal d'imbrication des procédures stockées, des fonctions, des déclencheurs ou des vues est dépassé (limite 32).
CRITICAL - 2023-12-20 18:29:21 --> [Microsoft][ODBC Driver 17 for SQL Server][SQL Server]Le niveau maximal d'imbrication des procédures stockées, des fonctions, des déclencheurs ou des vues est dépassé (limite 32).
in SYSTEMPATH\Database\BaseConnection.php on line 646.
 1 SYSTEMPATH\Database\BaseBuilder.php(2308): CodeIgniter\Database\BaseConnection->query('INSERT INTO "AP3"."dbo"."Utilisateurs" ("prenom","nom","email","password","typeClient") VALUES (:prenom:, :nom:, :email:, :password:, :typeClient:)', [...], false)
 2 SYSTEMPATH\Model.php(319): CodeIgniter\Database\BaseBuilder->insert()
 3 SYSTEMPATH\BaseModel.php(788): CodeIgniter\Model->doInsert([...])
 4 SYSTEMPATH\Model.php(715): CodeIgniter\BaseModel->insert([...], false)
 5 SYSTEMPATH\BaseModel.php(698): CodeIgniter\Model->insert([...], false)
 6 APPPATH\Controllers\C_BASE.php(80): CodeIgniter\BaseModel->save([...])
 7 SYSTEMPATH\CodeIgniter.php(919): App\Controllers\C_BASE->Inscription_Utilisateur()
 8 SYSTEMPATH\CodeIgniter.php(494): CodeIgniter\CodeIgniter->runController(Object(App\Controllers\C_BASE))
 9 SYSTEMPATH\CodeIgniter.php(353): CodeIgniter\CodeIgniter->handleRequest(null, Object(Config\Cache), false)
10 FCPATH\index.php(79): CodeIgniter\CodeIgniter->run()
ERROR - 2023-12-20 18:41:18 --> [Microsoft][ODBC Driver 17 for SQL Server][SQL Server]Le niveau maximal d'imbrication des procédures stockées, des fonctions, des déclencheurs ou des vues est dépassé (limite 32).
CRITICAL - 2023-12-20 18:41:18 --> [Microsoft][ODBC Driver 17 for SQL Server][SQL Server]Le niveau maximal d'imbrication des procédures stockées, des fonctions, des déclencheurs ou des vues est dépassé (limite 32).
in SYSTEMPATH\Database\BaseConnection.php on line 646.
 1 SYSTEMPATH\Database\BaseBuilder.php(2308): CodeIgniter\Database\BaseConnection->query('INSERT INTO "AP3"."dbo"."Utilisateurs" ("prenom","nom","email","password","typeClient") VALUES (:prenom:, :nom:, :email:, :password:, :typeClient:)', [...], false)
 2 SYSTEMPATH\Model.php(319): CodeIgniter\Database\BaseBuilder->insert()
 3 SYSTEMPATH\BaseModel.php(788): CodeIgniter\Model->doInsert([...])
 4 SYSTEMPATH\Model.php(715): CodeIgniter\BaseModel->insert([...], true)
 5 APPPATH\Controllers\C_BASE.php(80): CodeIgniter\Model->insert([...])
 6 SYSTEMPATH\CodeIgniter.php(919): App\Controllers\C_BASE->Inscription_Utilisateur()
 7 SYSTEMPATH\CodeIgniter.php(494): CodeIgniter\CodeIgniter->runController(Object(App\Controllers\C_BASE))
 8 SYSTEMPATH\CodeIgniter.php(353): CodeIgniter\CodeIgniter->handleRequest(null, Object(Config\Cache), false)
 9 FCPATH\index.php(79): CodeIgniter\CodeIgniter->run()
ERROR - 2023-12-20 18:41:21 --> [Microsoft][ODBC Driver 17 for SQL Server][SQL Server]Le niveau maximal d'imbrication des procédures stockées, des fonctions, des déclencheurs ou des vues est dépassé (limite 32).
CRITICAL - 2023-12-20 18:41:21 --> [Microsoft][ODBC Driver 17 for SQL Server][SQL Server]Le niveau maximal d'imbrication des procédures stockées, des fonctions, des déclencheurs ou des vues est dépassé (limite 32).
in SYSTEMPATH\Database\BaseConnection.php on line 646.
 1 SYSTEMPATH\Database\BaseBuilder.php(2308): CodeIgniter\Database\BaseConnection->query('INSERT INTO "AP3"."dbo"."Utilisateurs" ("prenom","nom","email","password","typeClient") VALUES (:prenom:, :nom:, :email:, :password:, :typeClient:)', [...], false)
 2 SYSTEMPATH\Model.php(319): CodeIgniter\Database\BaseBuilder->insert()
 3 SYSTEMPATH\BaseModel.php(788): CodeIgniter\Model->doInsert([...])
 4 SYSTEMPATH\Model.php(715): CodeIgniter\BaseModel->insert([...], true)
 5 APPPATH\Controllers\C_BASE.php(80): CodeIgniter\Model->insert([...])
 6 SYSTEMPATH\CodeIgniter.php(919): App\Controllers\C_BASE->Inscription_Utilisateur()
 7 SYSTEMPATH\CodeIgniter.php(494): CodeIgniter\CodeIgniter->runController(Object(App\Controllers\C_BASE))
 8 SYSTEMPATH\CodeIgniter.php(353): CodeIgniter\CodeIgniter->handleRequest(null, Object(Config\Cache), false)
 9 FCPATH\index.php(79): CodeIgniter\CodeIgniter->run()
INFO - 2023-12-20 18:41:22 --> Session: Class initialized using 'CodeIgniter\Session\Handlers\FileHandler' driver.
ERROR - 2023-12-20 18:41:32 --> [Microsoft][ODBC Driver 17 for SQL Server][SQL Server]Le niveau maximal d'imbrication des procédures stockées, des fonctions, des déclencheurs ou des vues est dépassé (limite 32).
CRITICAL - 2023-12-20 18:41:32 --> [Microsoft][ODBC Driver 17 for SQL Server][SQL Server]Le niveau maximal d'imbrication des procédures stockées, des fonctions, des déclencheurs ou des vues est dépassé (limite 32).
in SYSTEMPATH\Database\BaseConnection.php on line 646.
 1 SYSTEMPATH\Database\BaseBuilder.php(2308): CodeIgniter\Database\BaseConnection->query('INSERT INTO "AP3"."dbo"."Utilisateurs" ("prenom","nom","email","password","typeClient") VALUES (:prenom:, :nom:, :email:, :password:, :typeClient:)', [...], false)
 2 SYSTEMPATH\Model.php(319): CodeIgniter\Database\BaseBuilder->insert()
 3 SYSTEMPATH\BaseModel.php(788): CodeIgniter\Model->doInsert([...])
 4 SYSTEMPATH\Model.php(715): CodeIgniter\BaseModel->insert([...], true)
 5 APPPATH\Controllers\C_BASE.php(80): CodeIgniter\Model->insert([...])
 6 SYSTEMPATH\CodeIgniter.php(919): App\Controllers\C_BASE->Inscription_Utilisateur()
 7 SYSTEMPATH\CodeIgniter.php(494): CodeIgniter\CodeIgniter->runController(Object(App\Controllers\C_BASE))
 8 SYSTEMPATH\CodeIgniter.php(353): CodeIgniter\CodeIgniter->handleRequest(null, Object(Config\Cache), false)
 9 FCPATH\index.php(79): CodeIgniter\CodeIgniter->run()
ERROR - 2023-12-20 18:44:11 --> [Microsoft][ODBC Driver 17 for SQL Server][SQL Server]Le niveau maximal d'imbrication des procédures stockées, des fonctions, des déclencheurs ou des vues est dépassé (limite 32).
CRITICAL - 2023-12-20 18:44:11 --> [Microsoft][ODBC Driver 17 for SQL Server][SQL Server]Le niveau maximal d'imbrication des procédures stockées, des fonctions, des déclencheurs ou des vues est dépassé (limite 32).
in SYSTEMPATH\Database\BaseConnection.php on line 646.
 1 SYSTEMPATH\Database\BaseBuilder.php(2308): CodeIgniter\Database\BaseConnection->query('INSERT INTO "AP3"."dbo"."Utilisateurs" ("prenom","nom","email","password","typeClient") VALUES (:prenom:, :nom:, :email:, :password:, :typeClient:)', [...], false)
 2 APPPATH\Controllers\C_BASE.php(80): CodeIgniter\Database\BaseBuilder->insert([...])
 3 SYSTEMPATH\CodeIgniter.php(919): App\Controllers\C_BASE->Inscription_Utilisateur()
 4 SYSTEMPATH\CodeIgniter.php(494): CodeIgniter\CodeIgniter->runController(Object(App\Controllers\C_BASE))
 5 SYSTEMPATH\CodeIgniter.php(353): CodeIgniter\CodeIgniter->handleRequest(null, Object(Config\Cache), false)
 6 FCPATH\index.php(79): CodeIgniter\CodeIgniter->run()
ERROR - 2023-12-20 18:44:12 --> [Microsoft][ODBC Driver 17 for SQL Server][SQL Server]Le niveau maximal d'imbrication des procédures stockées, des fonctions, des déclencheurs ou des vues est dépassé (limite 32).
CRITICAL - 2023-12-20 18:44:12 --> [Microsoft][ODBC Driver 17 for SQL Server][SQL Server]Le niveau maximal d'imbrication des procédures stockées, des fonctions, des déclencheurs ou des vues est dépassé (limite 32).
in SYSTEMPATH\Database\BaseConnection.php on line 646.
 1 SYSTEMPATH\Database\BaseBuilder.php(2308): CodeIgniter\Database\BaseConnection->query('INSERT INTO "AP3"."dbo"."Utilisateurs" ("prenom","nom","email","password","typeClient") VALUES (:prenom:, :nom:, :email:, :password:, :typeClient:)', [...], false)
 2 APPPATH\Controllers\C_BASE.php(80): CodeIgniter\Database\BaseBuilder->insert([...])
 3 SYSTEMPATH\CodeIgniter.php(919): App\Controllers\C_BASE->Inscription_Utilisateur()
 4 SYSTEMPATH\CodeIgniter.php(494): CodeIgniter\CodeIgniter->runController(Object(App\Controllers\C_BASE))
 5 SYSTEMPATH\CodeIgniter.php(353): CodeIgniter\CodeIgniter->handleRequest(null, Object(Config\Cache), false)
 6 FCPATH\index.php(79): CodeIgniter\CodeIgniter->run()
INFO - 2023-12-20 18:44:13 --> Session: Class initialized using 'CodeIgniter\Session\Handlers\FileHandler' driver.
INFO - 2023-12-20 18:44:33 --> Session: Class initialized using 'CodeIgniter\Session\Handlers\FileHandler' driver.
ERROR - 2023-12-20 18:44:47 --> [Microsoft][ODBC Driver 17 for SQL Server][SQL Server]Le niveau maximal d'imbrication des procédures stockées, des fonctions, des déclencheurs ou des vues est dépassé (limite 32).
CRITICAL - 2023-12-20 18:44:47 --> [Microsoft][ODBC Driver 17 for SQL Server][SQL Server]Le niveau maximal d'imbrication des procédures stockées, des fonctions, des déclencheurs ou des vues est dépassé (limite 32).
in SYSTEMPATH\Database\BaseConnection.php on line 646.
 1 SYSTEMPATH\Database\BaseBuilder.php(2308): CodeIgniter\Database\BaseConnection->query('INSERT INTO "AP3"."dbo"."Utilisateurs" ("prenom","nom","email","password","typeClient") VALUES (:prenom:, :nom:, :email:, :password:, :typeClient:)', [...], false)
 2 APPPATH\Controllers\C_BASE.php(80): CodeIgniter\Database\BaseBuilder->insert([...])
 3 SYSTEMPATH\CodeIgniter.php(919): App\Controllers\C_BASE->Inscription_Utilisateur()
 4 SYSTEMPATH\CodeIgniter.php(494): CodeIgniter\CodeIgniter->runController(Object(App\Controllers\C_BASE))
 5 SYSTEMPATH\CodeIgniter.php(353): CodeIgniter\CodeIgniter->handleRequest(null, Object(Config\Cache), false)
 6 FCPATH\index.php(79): CodeIgniter\CodeIgniter->run()
ERROR - 2023-12-20 18:46:06 --> [Microsoft][ODBC Driver 17 for SQL Server][SQL Server]Le niveau maximal d'imbrication des procédures stockées, des fonctions, des déclencheurs ou des vues est dépassé (limite 32).
CRITICAL - 2023-12-20 18:46:06 --> [Microsoft][ODBC Driver 17 for SQL Server][SQL Server]Le niveau maximal d'imbrication des procédures stockées, des fonctions, des déclencheurs ou des vues est dépassé (limite 32).
in SYSTEMPATH\Database\BaseConnection.php on line 646.
 1 SYSTEMPATH\Database\BaseBuilder.php(2308): CodeIgniter\Database\BaseConnection->query('INSERT INTO "AP3"."dbo"."Utilisateurs" ("prenom","nom","email","password","typeClient") VALUES (:prenom:, :nom:, :email:, :password:, :typeClient:)', [...], false)
 2 APPPATH\Controllers\C_BASE.php(80): CodeIgniter\Database\BaseBuilder->insert([...])
 3 SYSTEMPATH\CodeIgniter.php(919): App\Controllers\C_BASE->Inscription_Utilisateur()
 4 SYSTEMPATH\CodeIgniter.php(494): CodeIgniter\CodeIgniter->runController(Object(App\Controllers\C_BASE))
 5 SYSTEMPATH\CodeIgniter.php(353): CodeIgniter\CodeIgniter->handleRequest(null, Object(Config\Cache), false)
 6 FCPATH\index.php(79): CodeIgniter\CodeIgniter->run()
INFO - 2023-12-20 18:46:47 --> Session: Class initialized using 'CodeIgniter\Session\Handlers\FileHandler' driver.
INFO - 2023-12-20 18:59:11 --> Session: Class initialized using 'CodeIgniter\Session\Handlers\FileHandler' driver.
ERROR - 2023-12-20 18:59:25 --> [Microsoft][ODBC Driver 17 for SQL Server][SQL Server]Le niveau maximal d'imbrication des procédures stockées, des fonctions, des déclencheurs ou des vues est dépassé (limite 32).
CRITICAL - 2023-12-20 18:59:25 --> [Microsoft][ODBC Driver 17 for SQL Server][SQL Server]Le niveau maximal d'imbrication des procédures stockées, des fonctions, des déclencheurs ou des vues est dépassé (limite 32).
in SYSTEMPATH\Database\BaseConnection.php on line 646.
 1 SYSTEMPATH\Database\BaseBuilder.php(2308): CodeIgniter\Database\BaseConnection->query('INSERT INTO "AP3"."dbo"."Utilisateurs" ("prenom","nom","email","password","typeClient") VALUES (:prenom:, :nom:, :email:, :password:, :typeClient:)', [...], false)
 2 SYSTEMPATH\Model.php(319): CodeIgniter\Database\BaseBuilder->insert()
 3 SYSTEMPATH\BaseModel.php(788): CodeIgniter\Model->doInsert([...])
 4 SYSTEMPATH\Model.php(715): CodeIgniter\BaseModel->insert([...], true)
 5 APPPATH\Controllers\C_BASE.php(81): CodeIgniter\Model->insert([...])
 6 SYSTEMPATH\CodeIgniter.php(919): App\Controllers\C_BASE->Inscription_Utilisateur()
 7 SYSTEMPATH\CodeIgniter.php(494): CodeIgniter\CodeIgniter->runController(Object(App\Controllers\C_BASE))
 8 SYSTEMPATH\CodeIgniter.php(353): CodeIgniter\CodeIgniter->handleRequest(null, Object(Config\Cache), false)
 9 FCPATH\index.php(79): CodeIgniter\CodeIgniter->run()
INFO - 2023-12-20 18:59:30 --> Session: Class initialized using 'CodeIgniter\Session\Handlers\FileHandler' driver.
INFO - 2023-12-20 21:17:22 --> Session: Class initialized using 'CodeIgniter\Session\Handlers\FileHandler' driver.
INFO - 2023-12-20 21:17:24 --> Session: Class initialized using 'CodeIgniter\Session\Handlers\FileHandler' driver.
INFO - 2023-12-20 21:17:43 --> Session: Class initialized using 'CodeIgniter\Session\Handlers\FileHandler' driver.
