INFO - 2024-05-28 14:11:45 --> Session: Class initialized using 'CodeIgniter\Session\Handlers\FileHandler' driver.
INFO - 2024-05-28 14:11:46 --> Session: Class initialized using 'CodeIgniter\Session\Handlers\FileHandler' driver.
INFO - 2024-05-28 14:12:06 --> Session: Class initialized using 'CodeIgniter\Session\Handlers\FileHandler' driver.
INFO - 2024-05-28 14:12:07 --> Session: Class initialized using 'CodeIgniter\Session\Handlers\FileHandler' driver.
INFO - 2024-05-28 14:12:15 --> Session: Class initialized using 'CodeIgniter\Session\Handlers\FileHandler' driver.
INFO - 2024-05-28 14:12:15 --> Session: Class initialized using 'CodeIgniter\Session\Handlers\FileHandler' driver.
INFO - 2024-05-28 14:12:21 --> Session: Class initialized using 'CodeIgniter\Session\Handlers\FileHandler' driver.
INFO - 2024-05-28 14:12:21 --> Tentative de connexion avec email: ff@mail.com
INFO - 2024-05-28 14:12:21 --> Utilisateur trouvé avec email: ff@mail.com
INFO - 2024-05-28 14:12:21 --> Connexion réussie pour utilisateur: ff@mail.com
INFO - 2024-05-28 14:12:25 --> Session: Class initialized using 'CodeIgniter\Session\Handlers\FileHandler' driver.
INFO - 2024-05-28 14:12:25 --> Session: Class initialized using 'CodeIgniter\Session\Handlers\FileHandler' driver.
INFO - 2024-05-28 14:12:29 --> Session: Class initialized using 'CodeIgniter\Session\Handlers\FileHandler' driver.
INFO - 2024-05-28 14:12:29 --> Tentative de connexion avec email: ff@mail.com
INFO - 2024-05-28 14:12:29 --> Utilisateur trouvé avec email: ff@mail.com
INFO - 2024-05-28 14:12:29 --> Connexion réussie pour utilisateur: ff@mail.com
INFO - 2024-05-28 14:29:31 --> Session: Class initialized using 'CodeIgniter\Session\Handlers\FileHandler' driver.
INFO - 2024-05-28 14:29:31 --> Tentative de connexion avec email: ff@mail.com
INFO - 2024-05-28 14:29:31 --> Utilisateur trouvé avec email: ff@mail.com
INFO - 2024-05-28 14:29:31 --> Connexion réussie pour utilisateur: ff@mail.com
INFO - 2024-05-28 14:29:33 --> Session: Class initialized using 'CodeIgniter\Session\Handlers\FileHandler' driver.
INFO - 2024-05-28 14:31:06 --> Session: Class initialized using 'CodeIgniter\Session\Handlers\FileHandler' driver.
INFO - 2024-05-28 14:31:06 --> Session: Class initialized using 'CodeIgniter\Session\Handlers\FileHandler' driver.
INFO - 2024-05-28 14:32:41 --> Session: Class initialized using 'CodeIgniter\Session\Handlers\FileHandler' driver.
INFO - 2024-05-28 14:32:41 --> Tentative de connexion avec email: ff@mail.com
INFO - 2024-05-28 14:32:41 --> Utilisateur trouvé avec email: ff@mail.com
INFO - 2024-05-28 14:32:41 --> Connexion réussie pour utilisateur: ff@mail.com
INFO - 2024-05-28 17:16:37 --> Session: Class initialized using 'CodeIgniter\Session\Handlers\FileHandler' driver.
INFO - 2024-05-28 17:16:37 --> Session: Class initialized using 'CodeIgniter\Session\Handlers\FileHandler' driver.
INFO - 2024-05-28 17:16:37 --> Session: Class initialized using 'CodeIgniter\Session\Handlers\FileHandler' driver.
INFO - 2024-05-28 17:16:44 --> Session: Class initialized using 'CodeIgniter\Session\Handlers\FileHandler' driver.
INFO - 2024-05-28 17:16:44 --> Session: Class initialized using 'CodeIgniter\Session\Handlers\FileHandler' driver.
INFO - 2024-05-28 17:28:59 --> Session: Class initialized using 'CodeIgniter\Session\Handlers\FileHandler' driver.
INFO - 2024-05-28 17:28:59 --> Tentative de connexion avec email: ff@mail.com
INFO - 2024-05-28 17:28:59 --> Utilisateur trouvé avec email: ff@mail.com
INFO - 2024-05-28 17:28:59 --> Connexion réussie pour utilisateur: ff@mail.com
INFO - 2024-05-28 17:29:00 --> Session: Class initialized using 'CodeIgniter\Session\Handlers\FileHandler' driver.
INFO - 2024-05-28 17:29:00 --> Tentative de connexion avec email: ff@mail.com
INFO - 2024-05-28 17:29:00 --> Utilisateur trouvé avec email: ff@mail.com
INFO - 2024-05-28 17:29:00 --> Connexion réussie pour utilisateur: ff@mail.com
INFO - 2024-05-28 17:29:02 --> Session: Class initialized using 'CodeIgniter\Session\Handlers\FileHandler' driver.
INFO - 2024-05-28 17:30:32 --> Session: Class initialized using 'CodeIgniter\Session\Handlers\FileHandler' driver.
INFO - 2024-05-28 17:30:32 --> Tentative de connexion avec email: ff@mail.com
INFO - 2024-05-28 17:30:32 --> Utilisateur trouvé avec email: ff@mail.com
INFO - 2024-05-28 17:30:32 --> Connexion réussie pour utilisateur: ff@mail.com
INFO - 2024-05-28 17:32:14 --> Session: Class initialized using 'CodeIgniter\Session\Handlers\FileHandler' driver.
INFO - 2024-05-28 17:32:14 --> Tentative de connexion avec email: ff@mail.com
INFO - 2024-05-28 17:32:14 --> Utilisateur trouvé avec email: ff@mail.com
INFO - 2024-05-28 17:32:14 --> Connexion réussie pour utilisateur: ff@mail.com
INFO - 2024-05-28 17:33:14 --> Session: Class initialized using 'CodeIgniter\Session\Handlers\FileHandler' driver.
INFO - 2024-05-28 17:33:14 --> Tentative de connexion avec email: ff@mail.com
INFO - 2024-05-28 17:33:14 --> Utilisateur trouvé avec email: ff@mail.com
INFO - 2024-05-28 17:33:14 --> Connexion réussie pour utilisateur: ff@mail.com
INFO - 2024-05-28 17:33:16 --> Session: Class initialized using 'CodeIgniter\Session\Handlers\FileHandler' driver.
INFO - 2024-05-28 17:33:21 --> Session: Class initialized using 'CodeIgniter\Session\Handlers\FileHandler' driver.
INFO - 2024-05-28 17:34:09 --> Session: Class initialized using 'CodeIgniter\Session\Handlers\FileHandler' driver.
INFO - 2024-05-28 17:34:09 --> Tentative de connexion avec email: ff@mail.com
INFO - 2024-05-28 17:34:09 --> Utilisateur trouvé avec email: ff@mail.com
INFO - 2024-05-28 17:34:09 --> Connexion réussie pour utilisateur: ff@mail.com
INFO - 2024-05-28 17:38:15 --> Session: Class initialized using 'CodeIgniter\Session\Handlers\FileHandler' driver.
INFO - 2024-05-28 17:38:15 --> Tentative de connexion avec email: ff@mail.com
INFO - 2024-05-28 17:38:15 --> Utilisateur trouvé avec email: ff@mail.com
INFO - 2024-05-28 17:38:15 --> Connexion réussie pour utilisateur: ff@mail.com
INFO - 2024-05-28 17:38:17 --> Session: Class initialized using 'CodeIgniter\Session\Handlers\FileHandler' driver.
INFO - 2024-05-28 17:38:21 --> Session: Class initialized using 'CodeIgniter\Session\Handlers\FileHandler' driver.
INFO - 2024-05-28 17:40:19 --> Session: Class initialized using 'CodeIgniter\Session\Handlers\FileHandler' driver.
INFO - 2024-05-28 17:40:19 --> Tentative de connexion avec email: ff@mail.com
INFO - 2024-05-28 17:40:19 --> Utilisateur trouvé avec email: ff@mail.com
INFO - 2024-05-28 17:40:19 --> Connexion réussie pour utilisateur: ff@mail.com
INFO - 2024-05-28 17:40:21 --> Session: Class initialized using 'CodeIgniter\Session\Handlers\FileHandler' driver.
INFO - 2024-05-28 17:41:09 --> Session: Class initialized using 'CodeIgniter\Session\Handlers\FileHandler' driver.
INFO - 2024-05-28 17:41:09 --> Tentative de connexion avec email: ff@mail.com
INFO - 2024-05-28 17:41:09 --> Utilisateur trouvé avec email: ff@mail.com
INFO - 2024-05-28 17:41:09 --> Connexion réussie pour utilisateur: ff@mail.com
INFO - 2024-05-28 17:41:11 --> Session: Class initialized using 'CodeIgniter\Session\Handlers\FileHandler' driver.
INFO - 2024-05-28 17:44:05 --> Session: Class initialized using 'CodeIgniter\Session\Handlers\FileHandler' driver.
INFO - 2024-05-28 17:44:05 --> Tentative de connexion avec email: ff@mail.com
INFO - 2024-05-28 17:44:05 --> Utilisateur trouvé avec email: ff@mail.com
INFO - 2024-05-28 17:44:05 --> Connexion réussie pour utilisateur: ff@mail.com
INFO - 2024-05-28 18:18:23 --> Session: Class initialized using 'CodeIgniter\Session\Handlers\FileHandler' driver.
INFO - 2024-05-28 18:18:38 --> Session: Class initialized using 'CodeIgniter\Session\Handlers\FileHandler' driver.
INFO - 2024-05-28 18:23:56 --> Session: Class initialized using 'CodeIgniter\Session\Handlers\FileHandler' driver.
INFO - 2024-05-28 18:24:01 --> Session: Class initialized using 'CodeIgniter\Session\Handlers\FileHandler' driver.
INFO - 2024-05-28 18:25:44 --> Session: Class initialized using 'CodeIgniter\Session\Handlers\FileHandler' driver.
INFO - 2024-05-28 18:38:28 --> Session: Class initialized using 'CodeIgniter\Session\Handlers\FileHandler' driver.
INFO - 2024-05-28 18:38:43 --> Session: Class initialized using 'CodeIgniter\Session\Handlers\FileHandler' driver.
INFO - 2024-05-28 18:43:38 --> Session: Class initialized using 'CodeIgniter\Session\Handlers\FileHandler' driver.
INFO - 2024-05-28 18:43:43 --> Session: Class initialized using 'CodeIgniter\Session\Handlers\FileHandler' driver.
INFO - 2024-05-28 18:46:53 --> Session: Class initialized using 'CodeIgniter\Session\Handlers\FileHandler' driver.
INFO - 2024-05-28 18:57:27 --> Session: Class initialized using 'CodeIgniter\Session\Handlers\FileHandler' driver.
INFO - 2024-05-28 19:01:07 --> Session: Class initialized using 'CodeIgniter\Session\Handlers\FileHandler' driver.
INFO - 2024-05-28 19:01:23 --> Session: Class initialized using 'CodeIgniter\Session\Handlers\FileHandler' driver.
INFO - 2024-05-28 19:01:25 --> Session: Class initialized using 'CodeIgniter\Session\Handlers\FileHandler' driver.
INFO - 2024-05-28 19:01:26 --> Session: Class initialized using 'CodeIgniter\Session\Handlers\FileHandler' driver.
INFO - 2024-05-28 19:01:26 --> Session: Class initialized using 'CodeIgniter\Session\Handlers\FileHandler' driver.
INFO - 2024-05-28 19:01:36 --> Session: Class initialized using 'CodeIgniter\Session\Handlers\FileHandler' driver.
INFO - 2024-05-28 19:01:37 --> Session: Class initialized using 'CodeIgniter\Session\Handlers\FileHandler' driver.
INFO - 2024-05-28 19:01:42 --> Session: Class initialized using 'CodeIgniter\Session\Handlers\FileHandler' driver.
INFO - 2024-05-28 19:01:52 --> Session: Class initialized using 'CodeIgniter\Session\Handlers\FileHandler' driver.
INFO - 2024-05-28 19:01:52 --> Session: Class initialized using 'CodeIgniter\Session\Handlers\FileHandler' driver.
INFO - 2024-05-28 19:01:56 --> Session: Class initialized using 'CodeIgniter\Session\Handlers\FileHandler' driver.
INFO - 2024-05-28 19:01:56 --> Session: Class initialized using 'CodeIgniter\Session\Handlers\FileHandler' driver.
INFO - 2024-05-28 19:02:17 --> Session: Class initialized using 'CodeIgniter\Session\Handlers\FileHandler' driver.
INFO - 2024-05-28 19:02:17 --> Session: Class initialized using 'CodeIgniter\Session\Handlers\FileHandler' driver.
INFO - 2024-05-28 19:02:18 --> Session: Class initialized using 'CodeIgniter\Session\Handlers\FileHandler' driver.
INFO - 2024-05-28 19:02:21 --> Session: Class initialized using 'CodeIgniter\Session\Handlers\FileHandler' driver.
INFO - 2024-05-28 19:02:22 --> Session: Class initialized using 'CodeIgniter\Session\Handlers\FileHandler' driver.
INFO - 2024-05-28 19:02:26 --> Session: Class initialized using 'CodeIgniter\Session\Handlers\FileHandler' driver.
INFO - 2024-05-28 19:02:34 --> Session: Class initialized using 'CodeIgniter\Session\Handlers\FileHandler' driver.
INFO - 2024-05-28 19:06:05 --> Session: Class initialized using 'CodeIgniter\Session\Handlers\FileHandler' driver.
INFO - 2024-05-28 19:06:22 --> Session: Class initialized using 'CodeIgniter\Session\Handlers\FileHandler' driver.
INFO - 2024-05-28 19:06:49 --> Session: Class initialized using 'CodeIgniter\Session\Handlers\FileHandler' driver.
INFO - 2024-05-28 19:07:49 --> Session: Class initialized using 'CodeIgniter\Session\Handlers\FileHandler' driver.
INFO - 2024-05-28 19:09:29 --> Session: Class initialized using 'CodeIgniter\Session\Handlers\FileHandler' driver.
INFO - 2024-05-28 19:16:33 --> Session: Class initialized using 'CodeIgniter\Session\Handlers\FileHandler' driver.
INFO - 2024-05-28 19:18:36 --> Session: Class initialized using 'CodeIgniter\Session\Handlers\FileHandler' driver.
INFO - 2024-05-28 19:21:14 --> Session: Class initialized using 'CodeIgniter\Session\Handlers\FileHandler' driver.
INFO - 2024-05-28 19:21:41 --> Session: Class initialized using 'CodeIgniter\Session\Handlers\FileHandler' driver.
INFO - 2024-05-28 19:25:44 --> Session: Class initialized using 'CodeIgniter\Session\Handlers\FileHandler' driver.
INFO - 2024-05-28 19:26:49 --> Session: Class initialized using 'CodeIgniter\Session\Handlers\FileHandler' driver.
INFO - 2024-05-28 19:27:16 --> Session: Class initialized using 'CodeIgniter\Session\Handlers\FileHandler' driver.
INFO - 2024-05-28 19:27:21 --> Session: Class initialized using 'CodeIgniter\Session\Handlers\FileHandler' driver.
INFO - 2024-05-28 19:29:30 --> Session: Class initialized using 'CodeIgniter\Session\Handlers\FileHandler' driver.
INFO - 2024-05-28 19:29:41 --> Session: Class initialized using 'CodeIgniter\Session\Handlers\FileHandler' driver.
INFO - 2024-05-28 19:30:06 --> Session: Class initialized using 'CodeIgniter\Session\Handlers\FileHandler' driver.
INFO - 2024-05-28 19:30:52 --> Session: Class initialized using 'CodeIgniter\Session\Handlers\FileHandler' driver.
INFO - 2024-05-28 19:30:52 --> Tentative de connexion avec email: ff@mail.com
INFO - 2024-05-28 19:30:52 --> Utilisateur trouvé avec email: ff@mail.com
INFO - 2024-05-28 19:30:52 --> Connexion réussie pour utilisateur: ff@mail.com
INFO - 2024-05-28 19:30:55 --> Session: Class initialized using 'CodeIgniter\Session\Handlers\FileHandler' driver.
INFO - 2024-05-28 19:37:55 --> Session: Class initialized using 'CodeIgniter\Session\Handlers\FileHandler' driver.
INFO - 2024-05-28 19:39:07 --> Session: Class initialized using 'CodeIgniter\Session\Handlers\FileHandler' driver.
INFO - 2024-05-28 19:39:25 --> Session: Class initialized using 'CodeIgniter\Session\Handlers\FileHandler' driver.
INFO - 2024-05-28 19:39:25 --> Tentative de connexion avec email: ff@mail.com
INFO - 2024-05-28 19:39:25 --> Utilisateur trouvé avec email: ff@mail.com
ERROR - 2024-05-28 19:39:25 --> Mot de passe incorrect pour utilisateur: ff@mail.com
INFO - 2024-05-28 19:39:34 --> Session: Class initialized using 'CodeIgniter\Session\Handlers\FileHandler' driver.
INFO - 2024-05-28 19:39:34 --> Tentative de connexion avec email: ff@mail.com
INFO - 2024-05-28 19:39:34 --> Utilisateur trouvé avec email: ff@mail.com
INFO - 2024-05-28 19:39:34 --> Connexion réussie pour utilisateur: ff@mail.com
INFO - 2024-05-28 19:39:38 --> Session: Class initialized using 'CodeIgniter\Session\Handlers\FileHandler' driver.
INFO - 2024-05-28 19:58:44 --> Session: Class initialized using 'CodeIgniter\Session\Handlers\FileHandler' driver.
INFO - 2024-05-28 19:58:58 --> Session: Class initialized using 'CodeIgniter\Session\Handlers\FileHandler' driver.
INFO - 2024-05-28 19:58:58 --> Tentative de connexion avec email: ff@mail.com
INFO - 2024-05-28 19:58:58 --> Utilisateur trouvé avec email: ff@mail.com
INFO - 2024-05-28 19:58:58 --> Connexion réussie pour utilisateur: ff@mail.com
INFO - 2024-05-28 20:17:32 --> Session: Class initialized using 'CodeIgniter\Session\Handlers\FileHandler' driver.
INFO - 2024-05-28 20:17:32 --> Tentative de connexion avec email: ff@mail.com
INFO - 2024-05-28 20:17:33 --> Utilisateur trouvé avec email: ff@mail.com
INFO - 2024-05-28 20:17:33 --> Connexion réussie pour utilisateur: ff@mail.com
INFO - 2024-05-28 20:18:14 --> Session: Class initialized using 'CodeIgniter\Session\Handlers\FileHandler' driver.
INFO - 2024-05-28 20:18:14 --> Tentative de connexion avec email: ff@mail.com
INFO - 2024-05-28 20:18:14 --> Utilisateur trouvé avec email: ff@mail.com
INFO - 2024-05-28 20:18:14 --> Connexion réussie pour utilisateur: ff@mail.com
INFO - 2024-05-28 20:18:17 --> Session: Class initialized using 'CodeIgniter\Session\Handlers\FileHandler' driver.
INFO - 2024-05-28 20:18:17 --> Tentative de connexion avec email: ff@mail.com
INFO - 2024-05-28 20:18:17 --> Utilisateur trouvé avec email: ff@mail.com
INFO - 2024-05-28 20:18:17 --> Connexion réussie pour utilisateur: ff@mail.com
INFO - 2024-05-28 20:19:09 --> Session: Class initialized using 'CodeIgniter\Session\Handlers\FileHandler' driver.
INFO - 2024-05-28 20:19:09 --> Tentative de connexion avec email: ff@mail.com
INFO - 2024-05-28 20:19:09 --> Utilisateur trouvé avec email: ff@mail.com
INFO - 2024-05-28 20:19:09 --> Connexion réussie pour utilisateur: ff@mail.com
INFO - 2024-05-28 20:23:43 --> Session: Class initialized using 'CodeIgniter\Session\Handlers\FileHandler' driver.
INFO - 2024-05-28 20:23:43 --> Tentative de connexion avec email: ff@mail.com
INFO - 2024-05-28 20:23:43 --> Utilisateur trouvé avec email: ff@mail.com
INFO - 2024-05-28 20:23:43 --> Connexion réussie pour utilisateur: ff@mail.com
INFO - 2024-05-28 20:23:48 --> Session: Class initialized using 'CodeIgniter\Session\Handlers\FileHandler' driver.
INFO - 2024-05-28 20:23:48 --> Tentative de connexion avec email: ff@mail.com
INFO - 2024-05-28 20:23:48 --> Utilisateur trouvé avec email: ff@mail.com
INFO - 2024-05-28 20:23:48 --> Connexion réussie pour utilisateur: ff@mail.com
INFO - 2024-05-28 20:24:01 --> Session: Class initialized using 'CodeIgniter\Session\Handlers\FileHandler' driver.
INFO - 2024-05-28 20:24:01 --> Tentative de connexion avec email: ff@mail.com
INFO - 2024-05-28 20:24:01 --> Utilisateur trouvé avec email: ff@mail.com
INFO - 2024-05-28 20:24:01 --> Connexion réussie pour utilisateur: ff@mail.com
INFO - 2024-05-28 20:24:06 --> Session: Class initialized using 'CodeIgniter\Session\Handlers\FileHandler' driver.
INFO - 2024-05-28 20:24:06 --> Tentative de connexion avec email: ff@mail.com
INFO - 2024-05-28 20:24:06 --> Utilisateur trouvé avec email: ff@mail.com
INFO - 2024-05-28 20:24:06 --> Connexion réussie pour utilisateur: ff@mail.com
INFO - 2024-05-28 20:27:50 --> Session: Class initialized using 'CodeIgniter\Session\Handlers\FileHandler' driver.
INFO - 2024-05-28 20:27:50 --> Tentative de connexion avec email: ff@mail.com
INFO - 2024-05-28 20:27:50 --> Utilisateur trouvé avec email: ff@mail.com
INFO - 2024-05-28 20:27:50 --> Connexion réussie pour utilisateur: ff@mail.com
INFO - 2024-05-28 20:27:51 --> Session: Class initialized using 'CodeIgniter\Session\Handlers\FileHandler' driver.
INFO - 2024-05-28 20:27:51 --> Tentative de connexion avec email: ff@mail.com
INFO - 2024-05-28 20:27:51 --> Utilisateur trouvé avec email: ff@mail.com
INFO - 2024-05-28 20:27:51 --> Connexion réussie pour utilisateur: ff@mail.com
INFO - 2024-05-28 20:27:52 --> Session: Class initialized using 'CodeIgniter\Session\Handlers\FileHandler' driver.
INFO - 2024-05-28 20:27:52 --> Tentative de connexion avec email: ff@mail.com
INFO - 2024-05-28 20:27:52 --> Utilisateur trouvé avec email: ff@mail.com
INFO - 2024-05-28 20:27:52 --> Connexion réussie pour utilisateur: ff@mail.com
INFO - 2024-05-28 20:27:52 --> Session: Class initialized using 'CodeIgniter\Session\Handlers\FileHandler' driver.
INFO - 2024-05-28 20:27:52 --> Tentative de connexion avec email: ff@mail.com
INFO - 2024-05-28 20:27:52 --> Utilisateur trouvé avec email: ff@mail.com
INFO - 2024-05-28 20:27:52 --> Connexion réussie pour utilisateur: ff@mail.com
INFO - 2024-05-28 20:27:52 --> Session: Class initialized using 'CodeIgniter\Session\Handlers\FileHandler' driver.
INFO - 2024-05-28 20:27:52 --> Tentative de connexion avec email: ff@mail.com
INFO - 2024-05-28 20:27:52 --> Utilisateur trouvé avec email: ff@mail.com
INFO - 2024-05-28 20:27:52 --> Connexion réussie pour utilisateur: ff@mail.com
INFO - 2024-05-28 20:28:25 --> Session: Class initialized using 'CodeIgniter\Session\Handlers\FileHandler' driver.
INFO - 2024-05-28 20:28:25 --> Tentative de connexion avec email: ff@mail.com
INFO - 2024-05-28 20:28:25 --> Utilisateur trouvé avec email: ff@mail.com
INFO - 2024-05-28 20:28:25 --> Connexion réussie pour utilisateur: ff@mail.com
INFO - 2024-05-28 20:30:03 --> Session: Class initialized using 'CodeIgniter\Session\Handlers\FileHandler' driver.
INFO - 2024-05-28 20:30:03 --> Tentative de connexion avec email: ff@mail.com
INFO - 2024-05-28 20:30:03 --> Utilisateur trouvé avec email: ff@mail.com
INFO - 2024-05-28 20:30:03 --> Connexion réussie pour utilisateur: ff@mail.com
