INFO - 2024-05-27 13:39:55 --> Session: Class initialized using 'CodeIgniter\Session\Handlers\FileHandler' driver.
INFO - 2024-05-27 13:39:55 --> Session: Class initialized using 'CodeIgniter\Session\Handlers\FileHandler' driver.
INFO - 2024-05-27 13:39:55 --> Tentative de connexion avec email: ff@mail.com
INFO - 2024-05-27 13:39:55 --> Tentative de connexion avec email: ff@mail.com
INFO - 2024-05-27 13:39:55 --> Utilisateur trouvé avec email: ff@mail.com
INFO - 2024-05-27 13:39:55 --> Utilisateur trouvé avec email: ff@mail.com
INFO - 2024-05-27 13:39:55 --> Connexion réussie pour utilisateur: ff@mail.com
INFO - 2024-05-27 13:39:55 --> Connexion réussie pour utilisateur: ff@mail.com
INFO - 2024-05-27 13:45:12 --> Session: Class initialized using 'CodeIgniter\Session\Handlers\FileHandler' driver.
INFO - 2024-05-27 14:09:45 --> Session: Class initialized using 'CodeIgniter\Session\Handlers\FileHandler' driver.
INFO - 2024-05-27 14:09:45 --> Tentative de connexion avec email: ff@mail.com
INFO - 2024-05-27 14:09:45 --> Utilisateur trouvé avec email: ff@mail.com
INFO - 2024-05-27 14:09:45 --> Connexion réussie pour utilisateur: ff@mail.com
INFO - 2024-05-27 14:47:47 --> Session: Class initialized using 'CodeIgniter\Session\Handlers\FileHandler' driver.
INFO - 2024-05-27 14:47:47 --> Tentative de connexion avec email: ff@mail.com
INFO - 2024-05-27 14:47:47 --> Utilisateur trouvé avec email: ff@mail.com
INFO - 2024-05-27 14:47:47 --> Connexion réussie pour utilisateur: ff@mail.com
INFO - 2024-05-27 14:50:32 --> Session: Class initialized using 'CodeIgniter\Session\Handlers\FileHandler' driver.
INFO - 2024-05-27 14:50:32 --> Tentative de connexion avec email: ff@mail.com
INFO - 2024-05-27 14:50:32 --> Utilisateur trouvé avec email: ff@mail.com
INFO - 2024-05-27 14:50:32 --> Connexion réussie pour utilisateur: ff@mail.com
INFO - 2024-05-27 14:52:01 --> Session: Class initialized using 'CodeIgniter\Session\Handlers\FileHandler' driver.
INFO - 2024-05-27 14:52:01 --> Tentative de connexion avec email: ff@mail.com
INFO - 2024-05-27 14:52:01 --> Utilisateur trouvé avec email: ff@mail.com
INFO - 2024-05-27 14:52:01 --> Connexion réussie pour utilisateur: ff@mail.com
INFO - 2024-05-27 14:54:45 --> Session: Class initialized using 'CodeIgniter\Session\Handlers\FileHandler' driver.
INFO - 2024-05-27 14:54:45 --> Tentative de connexion avec email: ff@mail.com
INFO - 2024-05-27 14:54:45 --> Utilisateur trouvé avec email: ff@mail.com
INFO - 2024-05-27 14:54:46 --> Connexion réussie pour utilisateur: ff@mail.com
INFO - 2024-05-27 15:00:40 --> Session: Class initialized using 'CodeIgniter\Session\Handlers\FileHandler' driver.
INFO - 2024-05-27 15:00:40 --> Tentative de connexion avec email: ff@mail.com
INFO - 2024-05-27 15:00:40 --> Utilisateur trouvé avec email: ff@mail.com
INFO - 2024-05-27 15:00:40 --> Connexion réussie pour utilisateur: ff@mail.com
INFO - 2024-05-27 15:05:30 --> Session: Class initialized using 'CodeIgniter\Session\Handlers\FileHandler' driver.
INFO - 2024-05-27 15:05:30 --> Tentative de connexion avec email: ff@mail.com
INFO - 2024-05-27 15:05:30 --> Utilisateur trouvé avec email: ff@mail.com
INFO - 2024-05-27 15:05:30 --> Connexion réussie pour utilisateur: ff@mail.com
INFO - 2024-05-27 15:07:21 --> Session: Class initialized using 'CodeIgniter\Session\Handlers\FileHandler' driver.
INFO - 2024-05-27 15:07:21 --> Tentative de connexion avec email: ff@mail.com
INFO - 2024-05-27 15:07:21 --> Utilisateur trouvé avec email: ff@mail.com
INFO - 2024-05-27 15:07:21 --> Connexion réussie pour utilisateur: ff@mail.com
INFO - 2024-05-27 15:13:09 --> Session: Class initialized using 'CodeIgniter\Session\Handlers\FileHandler' driver.
INFO - 2024-05-27 15:13:09 --> Tentative de connexion avec email: ff@mail.com
INFO - 2024-05-27 15:13:09 --> Utilisateur trouvé avec email: ff@mail.com
INFO - 2024-05-27 15:13:09 --> Connexion réussie pour utilisateur: ff@mail.com
INFO - 2024-05-27 15:15:16 --> Session: Class initialized using 'CodeIgniter\Session\Handlers\FileHandler' driver.
INFO - 2024-05-27 15:15:16 --> Tentative de connexion avec email: ff@mail.com
INFO - 2024-05-27 15:15:16 --> Utilisateur trouvé avec email: ff@mail.com
INFO - 2024-05-27 15:15:16 --> Connexion réussie pour utilisateur: ff@mail.com
INFO - 2024-05-27 15:22:23 --> Session: Class initialized using 'CodeIgniter\Session\Handlers\FileHandler' driver.
INFO - 2024-05-27 15:22:23 --> Tentative de connexion avec email: ff@mail.com
INFO - 2024-05-27 15:22:23 --> Utilisateur trouvé avec email: ff@mail.com
INFO - 2024-05-27 15:22:23 --> Connexion réussie pour utilisateur: ff@mail.com
INFO - 2024-05-27 15:22:47 --> Session: Class initialized using 'CodeIgniter\Session\Handlers\FileHandler' driver.
INFO - 2024-05-27 15:22:47 --> Tentative de connexion avec email: ff@mail.com
INFO - 2024-05-27 15:22:47 --> Utilisateur trouvé avec email: ff@mail.com
INFO - 2024-05-27 15:22:47 --> Connexion réussie pour utilisateur: ff@mail.com
INFO - 2024-05-27 15:23:07 --> Session: Class initialized using 'CodeIgniter\Session\Handlers\FileHandler' driver.
INFO - 2024-05-27 15:23:07 --> Tentative de connexion avec email: ff@mail.com
INFO - 2024-05-27 15:23:07 --> Utilisateur trouvé avec email: ff@mail.com
INFO - 2024-05-27 15:23:07 --> Connexion réussie pour utilisateur: ff@mail.com
INFO - 2024-05-27 15:47:45 --> Session: Class initialized using 'CodeIgniter\Session\Handlers\FileHandler' driver.
INFO - 2024-05-27 15:47:45 --> Tentative de connexion avec email: ff@mail.com
INFO - 2024-05-27 15:47:45 --> Utilisateur trouvé avec email: ff@mail.com
INFO - 2024-05-27 15:47:45 --> Connexion réussie pour utilisateur: ff@mail.com
INFO - 2024-05-27 15:51:15 --> Session: Class initialized using 'CodeIgniter\Session\Handlers\FileHandler' driver.
INFO - 2024-05-27 15:51:15 --> Tentative de connexion avec email: ff@mail.com
INFO - 2024-05-27 15:51:15 --> Utilisateur trouvé avec email: ff@mail.com
INFO - 2024-05-27 15:51:15 --> Connexion réussie pour utilisateur: ff@mail.com
INFO - 2024-05-27 15:51:17 --> Session: Class initialized using 'CodeIgniter\Session\Handlers\FileHandler' driver.
INFO - 2024-05-27 15:51:22 --> Session: Class initialized using 'CodeIgniter\Session\Handlers\FileHandler' driver.
INFO - 2024-05-27 15:51:26 --> Session: Class initialized using 'CodeIgniter\Session\Handlers\FileHandler' driver.
INFO - 2024-05-27 15:51:31 --> Session: Class initialized using 'CodeIgniter\Session\Handlers\FileHandler' driver.
INFO - 2024-05-27 15:53:37 --> Session: Class initialized using 'CodeIgniter\Session\Handlers\FileHandler' driver.
INFO - 2024-05-27 15:53:37 --> Tentative de connexion avec email: ff@mail.com
INFO - 2024-05-27 15:53:37 --> Utilisateur trouvé avec email: ff@mail.com
INFO - 2024-05-27 15:53:37 --> Connexion réussie pour utilisateur: ff@mail.com
INFO - 2024-05-27 15:55:33 --> Session: Class initialized using 'CodeIgniter\Session\Handlers\FileHandler' driver.
INFO - 2024-05-27 15:55:34 --> Session: Class initialized using 'CodeIgniter\Session\Handlers\FileHandler' driver.
INFO - 2024-05-27 15:55:35 --> Session: Class initialized using 'CodeIgniter\Session\Handlers\FileHandler' driver.
INFO - 2024-05-27 15:55:35 --> Session: Class initialized using 'CodeIgniter\Session\Handlers\FileHandler' driver.
INFO - 2024-05-27 16:02:27 --> Session: Class initialized using 'CodeIgniter\Session\Handlers\FileHandler' driver.
INFO - 2024-05-27 16:05:06 --> Session: Class initialized using 'CodeIgniter\Session\Handlers\FileHandler' driver.
INFO - 2024-05-27 16:05:06 --> Tentative de connexion avec email: ff@mail.com
INFO - 2024-05-27 16:05:06 --> Utilisateur trouvé avec email: ff@mail.com
INFO - 2024-05-27 16:05:06 --> Connexion réussie pour utilisateur: ff@mail.com
INFO - 2024-05-27 16:05:09 --> Session: Class initialized using 'CodeIgniter\Session\Handlers\FileHandler' driver.
INFO - 2024-05-27 16:05:13 --> Session: Class initialized using 'CodeIgniter\Session\Handlers\FileHandler' driver.
INFO - 2024-05-27 16:05:17 --> Session: Class initialized using 'CodeIgniter\Session\Handlers\FileHandler' driver.
INFO - 2024-05-27 16:07:48 --> Session: Class initialized using 'CodeIgniter\Session\Handlers\FileHandler' driver.
INFO - 2024-05-27 16:07:49 --> Session: Class initialized using 'CodeIgniter\Session\Handlers\FileHandler' driver.
INFO - 2024-05-27 16:08:00 --> Session: Class initialized using 'CodeIgniter\Session\Handlers\FileHandler' driver.
INFO - 2024-05-27 16:08:01 --> Session: Class initialized using 'CodeIgniter\Session\Handlers\FileHandler' driver.
INFO - 2024-05-27 16:09:56 --> Session: Class initialized using 'CodeIgniter\Session\Handlers\FileHandler' driver.
INFO - 2024-05-27 16:10:28 --> Session: Class initialized using 'CodeIgniter\Session\Handlers\FileHandler' driver.
INFO - 2024-05-27 16:12:27 --> Session: Class initialized using 'CodeIgniter\Session\Handlers\FileHandler' driver.
INFO - 2024-05-27 16:12:27 --> Tentative de connexion avec email: ff@mail.com
INFO - 2024-05-27 16:12:27 --> Utilisateur trouvé avec email: ff@mail.com
INFO - 2024-05-27 16:12:27 --> Connexion réussie pour utilisateur: ff@mail.com
INFO - 2024-05-27 16:12:29 --> Session: Class initialized using 'CodeIgniter\Session\Handlers\FileHandler' driver.
INFO - 2024-05-27 16:12:33 --> Session: Class initialized using 'CodeIgniter\Session\Handlers\FileHandler' driver.
INFO - 2024-05-27 16:12:38 --> Session: Class initialized using 'CodeIgniter\Session\Handlers\FileHandler' driver.
INFO - 2024-05-27 16:12:42 --> Session: Class initialized using 'CodeIgniter\Session\Handlers\FileHandler' driver.
INFO - 2024-05-27 16:12:48 --> Session: Class initialized using 'CodeIgniter\Session\Handlers\FileHandler' driver.
INFO - 2024-05-27 16:15:12 --> Session: Class initialized using 'CodeIgniter\Session\Handlers\FileHandler' driver.
INFO - 2024-05-27 16:15:47 --> Session: Class initialized using 'CodeIgniter\Session\Handlers\FileHandler' driver.
INFO - 2024-05-27 16:15:47 --> Tentative de connexion avec email: ff@mail.com
INFO - 2024-05-27 16:15:47 --> Utilisateur trouvé avec email: ff@mail.com
INFO - 2024-05-27 16:15:47 --> Connexion réussie pour utilisateur: ff@mail.com
INFO - 2024-05-27 16:15:50 --> Session: Class initialized using 'CodeIgniter\Session\Handlers\FileHandler' driver.
INFO - 2024-05-27 16:16:17 --> Session: Class initialized using 'CodeIgniter\Session\Handlers\FileHandler' driver.
INFO - 2024-05-27 16:16:21 --> Session: Class initialized using 'CodeIgniter\Session\Handlers\FileHandler' driver.
INFO - 2024-05-27 16:29:28 --> Session: Class initialized using 'CodeIgniter\Session\Handlers\FileHandler' driver.
INFO - 2024-05-27 16:29:31 --> Session: Class initialized using 'CodeIgniter\Session\Handlers\FileHandler' driver.
INFO - 2024-05-27 16:35:22 --> Session: Class initialized using 'CodeIgniter\Session\Handlers\FileHandler' driver.
INFO - 2024-05-27 16:38:20 --> Session: Class initialized using 'CodeIgniter\Session\Handlers\FileHandler' driver.
INFO - 2024-05-27 16:44:55 --> Session: Class initialized using 'CodeIgniter\Session\Handlers\FileHandler' driver.
INFO - 2024-05-27 16:45:10 --> Session: Class initialized using 'CodeIgniter\Session\Handlers\FileHandler' driver.
INFO - 2024-05-27 16:45:10 --> Tentative de connexion avec email: 
ERROR - 2024-05-27 16:45:10 --> Utilisateur non trouvé avec email: 
INFO - 2024-05-27 16:45:18 --> Session: Class initialized using 'CodeIgniter\Session\Handlers\FileHandler' driver.
INFO - 2024-05-27 16:45:18 --> Tentative de connexion avec email: 
ERROR - 2024-05-27 16:45:18 --> Utilisateur non trouvé avec email: 
INFO - 2024-05-27 16:45:20 --> Session: Class initialized using 'CodeIgniter\Session\Handlers\FileHandler' driver.
INFO - 2024-05-27 16:45:20 --> Tentative de connexion avec email: 
ERROR - 2024-05-27 16:45:20 --> Utilisateur non trouvé avec email: 
INFO - 2024-05-27 16:45:48 --> Session: Class initialized using 'CodeIgniter\Session\Handlers\FileHandler' driver.
INFO - 2024-05-27 16:45:48 --> Session: Class initialized using 'CodeIgniter\Session\Handlers\FileHandler' driver.
INFO - 2024-05-27 16:46:11 --> Session: Class initialized using 'CodeIgniter\Session\Handlers\FileHandler' driver.
INFO - 2024-05-27 16:46:11 --> Session: Class initialized using 'CodeIgniter\Session\Handlers\FileHandler' driver.
INFO - 2024-05-27 16:46:22 --> Session: Class initialized using 'CodeIgniter\Session\Handlers\FileHandler' driver.
INFO - 2024-05-27 16:46:22 --> Session: Class initialized using 'CodeIgniter\Session\Handlers\FileHandler' driver.
INFO - 2024-05-27 16:46:49 --> Session: Class initialized using 'CodeIgniter\Session\Handlers\FileHandler' driver.
INFO - 2024-05-27 16:46:49 --> Session: Class initialized using 'CodeIgniter\Session\Handlers\FileHandler' driver.
INFO - 2024-05-27 16:51:41 --> Session: Class initialized using 'CodeIgniter\Session\Handlers\FileHandler' driver.
INFO - 2024-05-27 16:51:41 --> Tentative de connexion avec email: ff@mail.com
INFO - 2024-05-27 16:51:42 --> Utilisateur trouvé avec email: ff@mail.com
INFO - 2024-05-27 16:51:42 --> Connexion réussie pour utilisateur: ff@mail.com
INFO - 2024-05-27 16:51:44 --> Session: Class initialized using 'CodeIgniter\Session\Handlers\FileHandler' driver.
INFO - 2024-05-27 16:53:16 --> Session: Class initialized using 'CodeIgniter\Session\Handlers\FileHandler' driver.
INFO - 2024-05-27 16:53:16 --> Tentative de connexion avec email: ff@mail.com
INFO - 2024-05-27 16:53:16 --> Utilisateur trouvé avec email: ff@mail.com
INFO - 2024-05-27 16:53:16 --> Connexion réussie pour utilisateur: ff@mail.com
INFO - 2024-05-27 16:56:50 --> Session: Class initialized using 'CodeIgniter\Session\Handlers\FileHandler' driver.
INFO - 2024-05-27 16:56:50 --> Tentative de connexion avec email: ff@mail.com
INFO - 2024-05-27 16:56:50 --> Utilisateur trouvé avec email: ff@mail.com
INFO - 2024-05-27 16:56:50 --> Connexion réussie pour utilisateur: ff@mail.com
INFO - 2024-05-27 16:58:16 --> Session: Class initialized using 'CodeIgniter\Session\Handlers\FileHandler' driver.
INFO - 2024-05-27 16:58:17 --> Session: Class initialized using 'CodeIgniter\Session\Handlers\FileHandler' driver.
INFO - 2024-05-27 16:59:02 --> Session: Class initialized using 'CodeIgniter\Session\Handlers\FileHandler' driver.
INFO - 2024-05-27 16:59:02 --> Session: Class initialized using 'CodeIgniter\Session\Handlers\FileHandler' driver.
INFO - 2024-05-27 16:59:09 --> Session: Class initialized using 'CodeIgniter\Session\Handlers\FileHandler' driver.
INFO - 2024-05-27 16:59:09 --> Session: Class initialized using 'CodeIgniter\Session\Handlers\FileHandler' driver.
INFO - 2024-05-27 17:13:46 --> Session: Class initialized using 'CodeIgniter\Session\Handlers\FileHandler' driver.
INFO - 2024-05-27 17:13:46 --> Tentative de connexion avec email: ff@mail.com
INFO - 2024-05-27 17:13:46 --> Utilisateur trouvé avec email: ff@mail.com
INFO - 2024-05-27 17:13:46 --> Connexion réussie pour utilisateur: ff@mail.com
INFO - 2024-05-27 17:13:49 --> Session: Class initialized using 'CodeIgniter\Session\Handlers\FileHandler' driver.
INFO - 2024-05-27 17:13:54 --> Session: Class initialized using 'CodeIgniter\Session\Handlers\FileHandler' driver.
