INFO - 2023-12-15 17:50:10 --> Session: Class initialized using 'CodeIgniter\Session\Handlers\FileHandler' driver.
INFO - 2023-12-15 18:03:48 --> Session: Class initialized using 'CodeIgniter\Session\Handlers\FileHandler' driver.
INFO - 2023-12-15 18:13:33 --> Session: Class initialized using 'CodeIgniter\Session\Handlers\FileHandler' driver.
INFO - 2023-12-15 18:17:39 --> Session: Class initialized using 'CodeIgniter\Session\Handlers\FileHandler' driver.
INFO - 2023-12-15 18:18:50 --> Session: Class initialized using 'CodeIgniter\Session\Handlers\FileHandler' driver.
CRITICAL - 2023-12-15 18:19:56 --> SQLSTATE[23000]: Integrity constraint violation: 1048 Column 'nom' cannot be null
in APPPATH\Controllers\C_BASE.php on line 106.
 1 APPPATH\Controllers\C_BASE.php(106): PDOStatement->execute()
 2 SYSTEMPATH\CodeIgniter.php(919): App\Controllers\C_BASE->Ajoute_Contact()
 3 SYSTEMPATH\CodeIgniter.php(494): CodeIgniter\CodeIgniter->runController(Object(App\Controllers\C_BASE))
 4 SYSTEMPATH\CodeIgniter.php(353): CodeIgniter\CodeIgniter->handleRequest(null, Object(Config\Cache), false)
 5 FCPATH\index.php(79): CodeIgniter\CodeIgniter->run()
INFO - 2023-12-15 18:19:59 --> Session: Class initialized using 'CodeIgniter\Session\Handlers\FileHandler' driver.
CRITICAL - 2023-12-15 18:20:16 --> SQLSTATE[23000]: Integrity constraint violation: 1048 Column 'nom' cannot be null
in APPPATH\Controllers\C_BASE.php on line 106.
 1 APPPATH\Controllers\C_BASE.php(106): PDOStatement->execute()
 2 SYSTEMPATH\CodeIgniter.php(919): App\Controllers\C_BASE->Ajoute_Contact()
 3 SYSTEMPATH\CodeIgniter.php(494): CodeIgniter\CodeIgniter->runController(Object(App\Controllers\C_BASE))
 4 SYSTEMPATH\CodeIgniter.php(353): CodeIgniter\CodeIgniter->handleRequest(null, Object(Config\Cache), false)
 5 FCPATH\index.php(79): CodeIgniter\CodeIgniter->run()
INFO - 2023-12-15 18:20:26 --> Session: Class initialized using 'CodeIgniter\Session\Handlers\FileHandler' driver.
CRITICAL - 2023-12-15 18:22:34 --> include(fonctions.php): failed to open stream: No such file or directory
in APPPATH\Views\pages\contactAjouter.php on line 4.
 1 APPPATH\Views\pages\contactAjouter.php(4): CodeIgniter\Debug\Exceptions->errorHandler(2, 'include(fonctions.php): failed to open stream: No such file or directory', 'C:\\laragon\\www\\ci-atelier3\\app\\Views\\pages\\contactAjouter.php', 4, [])
 2 APPPATH\Views\pages\contactAjouter.php(4): include()
 3 SYSTEMPATH\View\View.php(226): include('C:\\laragon\\www\\ci-atelier3\\app\\Views\\pages\\contactAjouter.php')
 4 SYSTEMPATH\View\View.php(229): CodeIgniter\View\View->CodeIgniter\View\{closure}()
 5 SYSTEMPATH\Common.php(1188): CodeIgniter\View\View->render('pages/contactAjouter.php', [], true)
 6 APPPATH\Controllers\C_BASE.php(67): view('pages/contactAjouter.php')
 7 SYSTEMPATH\CodeIgniter.php(919): App\Controllers\C_BASE->Ajoute_Contact()
 8 SYSTEMPATH\CodeIgniter.php(494): CodeIgniter\CodeIgniter->runController(Object(App\Controllers\C_BASE))
 9 SYSTEMPATH\CodeIgniter.php(353): CodeIgniter\CodeIgniter->handleRequest(null, Object(Config\Cache), false)
10 FCPATH\index.php(79): CodeIgniter\CodeIgniter->run()
CRITICAL - 2023-12-15 18:22:57 --> SQLSTATE[23000]: Integrity constraint violation: 1048 Column 'nom' cannot be null
in APPPATH\Views\pages\contactAjouter.php on line 43.
 1 APPPATH\Views\pages\contactAjouter.php(43): PDOStatement->execute()
 2 SYSTEMPATH\View\View.php(226): include('C:\\laragon\\www\\ci-atelier3\\app\\Views\\pages\\contactAjouter.php')
 3 SYSTEMPATH\View\View.php(229): CodeIgniter\View\View->CodeIgniter\View\{closure}()
 4 SYSTEMPATH\Common.php(1188): CodeIgniter\View\View->render('pages/contactAjouter.php', [], true)
 5 APPPATH\Controllers\C_BASE.php(67): view('pages/contactAjouter.php')
 6 SYSTEMPATH\CodeIgniter.php(919): App\Controllers\C_BASE->Ajoute_Contact()
 7 SYSTEMPATH\CodeIgniter.php(494): CodeIgniter\CodeIgniter->runController(Object(App\Controllers\C_BASE))
 8 SYSTEMPATH\CodeIgniter.php(353): CodeIgniter\CodeIgniter->handleRequest(null, Object(Config\Cache), false)
 9 FCPATH\index.php(79): CodeIgniter\CodeIgniter->run()
CRITICAL - 2023-12-15 18:23:01 --> SQLSTATE[23000]: Integrity constraint violation: 1048 Column 'nom' cannot be null
in APPPATH\Views\pages\contactAjouter.php on line 43.
 1 APPPATH\Views\pages\contactAjouter.php(43): PDOStatement->execute()
 2 SYSTEMPATH\View\View.php(226): include('C:\\laragon\\www\\ci-atelier3\\app\\Views\\pages\\contactAjouter.php')
 3 SYSTEMPATH\View\View.php(229): CodeIgniter\View\View->CodeIgniter\View\{closure}()
 4 SYSTEMPATH\Common.php(1188): CodeIgniter\View\View->render('pages/contactAjouter.php', [], true)
 5 APPPATH\Controllers\C_BASE.php(67): view('pages/contactAjouter.php')
 6 SYSTEMPATH\CodeIgniter.php(919): App\Controllers\C_BASE->Ajoute_Contact()
 7 SYSTEMPATH\CodeIgniter.php(494): CodeIgniter\CodeIgniter->runController(Object(App\Controllers\C_BASE))
 8 SYSTEMPATH\CodeIgniter.php(353): CodeIgniter\CodeIgniter->handleRequest(null, Object(Config\Cache), false)
 9 FCPATH\index.php(79): CodeIgniter\CodeIgniter->run()
